<?xml version="1.0" encoding="UTF-8"?>
<!-- Generated by org.testng.reporters.JUnitXMLReporter -->
<testsuite ignored="5" hostname="Doctor-Buttons" failures="2" tests="14" name="Firefox" time="447.563" errors="0" timestamp="2022-02-13T23:37:06 CST">
  <testcase classname="com.salesforce.tests.CreateAcct.CreateAcctTest" name="createAccountReportTest" time="31.103">
    <failure type="java.lang.AssertionError" message="expected [Work report ~ Salesforce - Developer Edition] but found [Unsaved Report ~ Salesforce - Developer Edition]">
      <![CDATA[java.lang.AssertionError: expected [Work report ~ Salesforce - Developer Edition] but found [Unsaved Report ~ Salesforce - Developer Edition]
at com.salesforce.tests.CreateAcct.CreateAcctTest.createAccountReportTest(CreateAcctTest.java:161)
at java.base/java.util.ArrayList.forEach(ArrayList.java:1511)
... Removed 33 stack frames]]>
    </failure>
  </testcase> <!-- createAccountReportTest -->
  <testcase classname="com.salesforce.tests.CreateAcct.CreateAcctTest" name="createAccountTest" time="25.898"/>
  <testcase classname="com.salesforce.tests.CreateAcct.CreateAcctTest" name="createEditViewTest" time="23.706"/>
  <testcase classname="com.salesforce.tests.CreateAcct.CreateAcctTest" name="createNewViewTest" time="28.323"/>
  <testcase classname="com.salesforce.tests.CreateAcct.CreateAcctTest" name="mergeAccountsTest" time="26.395"/>
  <testcase classname="com.salesforce.tests.CreateOpty.CreateOptyTest" name="createNewOptyTest" time="26.456">
    <failure type="java.lang.AssertionError" message="expected [true] but found [false]">
      <![CDATA[java.lang.AssertionError: expected [true] but found [false]
at com.salesforce.tests.CreateOpty.CreateOptyTest.createNewOptyTest(CreateOptyTest.java:70)
at java.base/java.util.ArrayList.forEach(ArrayList.java:1511)
... Removed 33 stack frames]]>
    </failure>
  </testcase> <!-- createNewOptyTest -->
  <testcase classname="com.salesforce.tests.CreateOpty.CreateOptyTest" name="optyPipelineReportTest" time="21.734"/>
  <testcase classname="com.salesforce.tests.CreateOpty.CreateOptyTest" name="quarterlySummaryReportTest" time="18.521"/>
  <testcase classname="com.salesforce.tests.CreateOpty.CreateOptyTest" name="stuckOptyReportTest" time="25.833"/>
  <testcase classname="com.salesforce.tests.Leads.LeadsTest" name="functOfGoBtnTest" time="30.439"/>
  <testcase classname="com.salesforce.tests.Leads.LeadsTest" name="leadsSelectViewTest" time="19.534"/>
  <testcase classname="com.salesforce.tests.Leads.LeadsTest" name="leadsTabTest" time="21.536"/>
  <testcase classname="com.salesforce.tests.Leads.LeadsTest" name="newBtnLeadsHomeTest" time="25.027"/>
  <testcase classname="com.salesforce.tests.Leads.LeadsTest" name="todaysLeadsTest" time="23.018"/>
  <testcase classname="com.salesforce.base.BaseTest" name="@AfterSuite endUp" time="0.0">
    <ignored/>
  </testcase> <!-- @AfterSuite endUp -->
  <testcase classname="com.salesforce.base.BaseTest" name="@AfterSuite endUp" time="0.0">
    <ignored/>
  </testcase> <!-- @AfterSuite endUp -->
  <testcase classname="com.salesforce.base.BaseTest" name="@BeforeSuite setUp" time="0.0">
    <ignored/>
  </testcase> <!-- @BeforeSuite setUp -->
  <testcase classname="com.salesforce.base.BaseTest" name="@BeforeSuite setUp" time="0.0">
    <ignored/>
  </testcase> <!-- @BeforeSuite setUp -->
  <testcase classname="com.salesforce.tests.CreateOpty.CreateOptyTest" name="selectOptyTest" time="0.0">
    <ignored/>
  </testcase> <!-- selectOptyTest -->
</testsuite> <!-- Firefox -->
