<!DOCTYPE html PUBLIC "-//W3C//DTD XHTML 1.1//EN" "https://www.w3.org/TR/xhtml11/DTD/xhtml11.dtd">
<html xmlns="https://www.w3.org/1999/xhtml">
<head>
<meta http-equiv="content-type" content="text/html; charset=UTF-8"/>
<title>TestNG Report</title>
<style type="text/css">table {margin-bottom:10px;border-collapse:collapse;empty-cells:show}th,td {border:1px solid #009;padding:.25em .5em}th {vertical-align:bottom}td {vertical-align:top}table a {font-weight:bold}.stripe td {background-color: #E6EBF9}.num {text-align:right}.passedodd td {background-color: #3F3}.passedeven td {background-color: #0A0}.skippedodd td {background-color: #DDD}.skippedeven td {background-color: #CCC}.failedodd td,.attn {background-color: #F33}.failedeven td,.stripe .attn {background-color: #D00}.stacktrace {white-space:pre;font-family:monospace}.totop {font-size:85%;text-align:center;border-bottom:2px solid #000}.invisible {display:none}</style>
</head>
<body>
<table>
<tr><th>Test</th><th># Passed</th><th># Skipped</th><th># Retried</th><th># Failed</th><th>Time (ms)</th><th>Included Groups</th><th>Excluded Groups</th></tr>
<tr><th colspan="8">Suite</th></tr>
<tr><td><a href="#t0">Chrome</a></td><td class="num">9</td><td class="num">0</td><td class="num">0</td><td class="num attn">2</td><td class="num">138,605</td><td></td><td></td></tr>
<tr class="stripe"><td><a href="#t1">Firefox</a></td><td class="num">12</td><td class="num">0</td><td class="num">0</td><td class="num attn">2</td><td class="num">447,563</td><td></td><td></td></tr>
<tr><td><a href="#t2">Edge</a></td><td class="num">9</td><td class="num">0</td><td class="num">0</td><td class="num attn">4</td><td class="num">416,986</td><td></td><td></td></tr>
<tr><th>Total</th><th class="num">30</th><th class="num">0</th><th class="num">0</th><th class="num attn">8</th><th class="num">1,003,154</th><th colspan="2"></th></tr>
</table>
<table id='summary'><thead><tr><th>Class</th><th>Method</th><th>Start</th><th>Time (ms)</th></tr></thead><tbody><tr><th colspan="4">Suite</th></tr></tbody><tbody id="t0"><tr><th colspan="4">Chrome &#8212; failed</th></tr><tr class="failedeven"><td rowspan="2">com.salesforce.tests.Usermenu.UsermenuTest</td><td><a href="#m0">selectMyProfileTest</a></td><td rowspan="1">1644816505173</td><td rowspan="1">42079</td></tr><tr class="failedeven"><td><a href="#m1">selectMySettingsTest</a></td><td rowspan="1">1644816550405</td><td rowspan="1">15133</td></tr><tr><th colspan="4">Chrome &#8212; passed</th></tr><tr class="passedeven"><td rowspan="1">com.salesforce.tests.Home.HomeTest</td><td><a href="#m2">enterFormData</a></td><td rowspan="1">1644816440430</td><td rowspan="1">5</td></tr><tr class="passedodd"><td rowspan="5">com.salesforce.tests.Login.LoginTest</td><td><a href="#m3">forgotPassword1</a></td><td rowspan="1">1644816443488</td><td rowspan="1">1127</td></tr><tr class="passedodd"><td><a href="#m4">forgotPassword2</a></td><td rowspan="1">1644816448003</td><td rowspan="1">2556</td></tr><tr class="passedodd"><td><a href="#m5">invalidLoginTest</a></td><td rowspan="1">1644816453610</td><td rowspan="1">2681</td></tr><tr class="passedodd"><td><a href="#m6">validLoginTest</a></td><td rowspan="1">1644816459360</td><td rowspan="1">6632</td></tr><tr class="passedodd"><td><a href="#m7">validRememberMe</a></td><td rowspan="1">1644816468845</td><td rowspan="1">7208</td></tr><tr class="passedeven"><td rowspan="3">com.salesforce.tests.Usermenu.UsermenuTest</td><td><a href="#m8">selectDevConsoleTest</a></td><td rowspan="1">1644816478838</td><td rowspan="1">10992</td></tr><tr class="passedeven"><td><a href="#m9">selectLogout</a></td><td rowspan="1">1644816492807</td><td rowspan="1">9380</td></tr><tr class="passedeven"><td><a href="#m10">usernameDropdownTest</a></td><td rowspan="1">1644816570391</td><td rowspan="1">7994</td></tr></tbody>
<tbody id="t1"><tr><th colspan="4">Firefox &#8212; failed</th></tr><tr class="failedeven"><td rowspan="1">com.salesforce.tests.CreateAcct.CreateAcctTest</td><td><a href="#m11">createAccountReportTest</a></td><td rowspan="1">1644816584497</td><td rowspan="1">31103</td></tr><tr class="failedodd"><td rowspan="1">com.salesforce.tests.CreateOpty.CreateOptyTest</td><td><a href="#m12">createNewOptyTest</a></td><td rowspan="1">1644816759032</td><td rowspan="1">26456</td></tr><tr><th colspan="4">Firefox &#8212; passed</th></tr><tr class="passedeven"><td rowspan="4">com.salesforce.tests.CreateAcct.CreateAcctTest</td><td><a href="#m13">createAccountTest</a></td><td rowspan="1">1644816623793</td><td rowspan="1">25898</td></tr><tr class="passedeven"><td><a href="#m14">createEditViewTest</a></td><td rowspan="1">1644816657080</td><td rowspan="1">23706</td></tr><tr class="passedeven"><td><a href="#m15">createNewViewTest</a></td><td rowspan="1">1644816687436</td><td rowspan="1">28323</td></tr><tr class="passedeven"><td><a href="#m16">mergeAccountsTest</a></td><td rowspan="1">1644816722139</td><td rowspan="1">26395</td></tr><tr class="passedodd"><td rowspan="3">com.salesforce.tests.CreateOpty.CreateOptyTest</td><td><a href="#m17">optyPipelineReportTest</a></td><td rowspan="1">1644816793533</td><td rowspan="1">21734</td></tr><tr class="passedodd"><td><a href="#m18">quarterlySummaryReportTest</a></td><td rowspan="1">1644816821893</td><td rowspan="1">18521</td></tr><tr class="passedodd"><td><a href="#m19">stuckOptyReportTest</a></td><td rowspan="1">1644816848623</td><td rowspan="1">25833</td></tr><tr class="passedeven"><td rowspan="5">com.salesforce.tests.Leads.LeadsTest</td><td><a href="#m20">functOfGoBtnTest</a></td><td rowspan="1">1644816880859</td><td rowspan="1">30439</td></tr><tr class="passedeven"><td><a href="#m21">leadsSelectViewTest</a></td><td rowspan="1">1644816917816</td><td rowspan="1">19534</td></tr><tr class="passedeven"><td><a href="#m22">leadsTabTest</a></td><td rowspan="1">1644816943439</td><td rowspan="1">21536</td></tr><tr class="passedeven"><td><a href="#m23">newBtnLeadsHomeTest</a></td><td rowspan="1">1644816971619</td><td rowspan="1">25027</td></tr><tr class="passedeven"><td><a href="#m24">todaysLeadsTest</a></td><td rowspan="1">1644817002916</td><td rowspan="1">23018</td></tr></tbody>
<tbody id="t2"><tr><th colspan="4">Edge &#8212; failed</th></tr><tr class="failedeven"><td rowspan="1">com.salesforce.tests.Contacts.ContactsTest</td><td><a href="#m25">checkMyContactViewTest</a></td><td rowspan="1">1644817056582</td><td rowspan="1">45923</td></tr><tr class="failedodd"><td rowspan="3">com.salesforce.tests.RandomScenarios.RandomScenariosTest</td><td><a href="#m26">BlockingEventRecurringTest</a></td><td rowspan="1">1644817292181</td><td rowspan="1">55264</td></tr><tr class="failedodd"><td><a href="#m27">verifyEditedLastnameTest</a></td><td rowspan="1">1644817351640</td><td rowspan="1">47637</td></tr><tr class="failedodd"><td><a href="#m28">verifyTabCustomTest</a></td><td rowspan="1">1644817429287</td><td rowspan="1">13403</td></tr><tr><th colspan="4">Edge &#8212; passed</th></tr><tr class="passedeven"><td rowspan="7">com.salesforce.tests.Contacts.ContactsTest</td><td><a href="#m29">cancelBtnInCreateNewViewTest</a></td><td rowspan="1">1644817032032</td><td rowspan="1">20315</td></tr><tr class="passedeven"><td><a href="#m30">checkRecentlyCreatedContactTest</a></td><td rowspan="1">1644817107694</td><td rowspan="1">16842</td></tr><tr class="passedeven"><td><a href="#m31">createNewContactTest</a></td><td rowspan="1">1644817129048</td><td rowspan="1">18709</td></tr><tr class="passedeven"><td><a href="#m32">createNewViewContactTest</a></td><td rowspan="1">1644817152319</td><td rowspan="1">25776</td></tr><tr class="passedeven"><td><a href="#m33">newViewContactErrorMsgTest</a></td><td rowspan="1">1644817182834</td><td rowspan="1">17267</td></tr><tr class="passedeven"><td><a href="#m34">saveAndNewBtnInNewContactPageTest</a></td><td rowspan="1">1644817204143</td><td rowspan="1">22681</td></tr><tr class="passedeven"><td><a href="#m35">viewAContactTest</a></td><td rowspan="1">1644817231541</td><td rowspan="1">24820</td></tr><tr class="passedodd"><td rowspan="2">com.salesforce.tests.RandomScenarios.RandomScenariosTest</td><td><a href="#m36">BlockingEventInCalendarTest</a></td><td rowspan="1">1644817261469</td><td rowspan="1">25948</td></tr><tr class="passedodd"><td><a href="#m37">verifyFirstAndLastNameTest</a></td><td rowspan="1">1644817404128</td><td rowspan="1">20543</td></tr></tbody>
</table>
<h2>Chrome</h2><h3 id="m0">com.salesforce.tests.Usermenu.UsermenuTest#selectMyProfileTest</h3><table class="result"><tr><th>Exception</th></tr><tr><td><div class="stacktrace">org.openqa.selenium.NoSuchElementException: no such element: Unable to locate element: {&quot;method&quot;:&quot;xpath&quot;,&quot;selector&quot;:&quot;//*[@id=&quot;j_id0:uploadFileForm:uploadInputFile&quot;]&quot;}
  (Session info: chrome=98.0.4758.82)
For documentation on this error, please visit: http://seleniumhq.org/exceptions/no_such_element.html
Build info: version: &apos;3.141.5&apos;, revision: &apos;d54ebd709a&apos;, time: &apos;2018-11-06T11:42:16&apos;
System info: host: &apos;DOCTOR-BUTTONS&apos;, ip: &apos;192.168.11.34&apos;, os.name: &apos;Windows 10&apos;, os.arch: &apos;amd64&apos;, os.version: &apos;10.0&apos;, java.version: &apos;14.0.2&apos;
Driver info: org.openqa.selenium.chrome.ChromeDriver
Capabilities {acceptInsecureCerts: false, browserName: chrome, browserVersion: 98.0.4758.82, chrome: {chromedriverVersion: 98.0.4758.80 (7f0488e8ba0d8..., userDataDir: C:\Users\synco\AppData\Loca...}, goog:chromeOptions: {debuggerAddress: localhost:49870}, javascriptEnabled: true, networkConnectionEnabled: false, pageLoadStrategy: normal, platform: WINDOWS, platformName: WINDOWS, proxy: Proxy(), setWindowRect: true, strictFileInteractability: false, timeouts: {implicit: 0, pageLoad: 300000, script: 30000}, unhandledPromptBehavior: dismiss and notify, webauthn:extension:credBlob: true, webauthn:extension:largeBlob: true, webauthn:virtualAuthenticators: true}
Session ID: bf3bfaaee2b50b88c4a988ceb1ad6100
*** Element info: {Using=xpath, value=//*[@id=&quot;j_id0:uploadFileForm:uploadInputFile&quot;]}
	at org.openqa.selenium.remote.http.W3CHttpResponseCodec.createException(W3CHttpResponseCodec.java:187)
	at org.openqa.selenium.remote.http.W3CHttpResponseCodec.decode(W3CHttpResponseCodec.java:122)
	at org.openqa.selenium.remote.http.W3CHttpResponseCodec.decode(W3CHttpResponseCodec.java:49)
	at org.openqa.selenium.remote.HttpCommandExecutor.execute(HttpCommandExecutor.java:158)
	at org.openqa.selenium.remote.service.DriverCommandExecutor.execute(DriverCommandExecutor.java:83)
	at org.openqa.selenium.remote.RemoteWebDriver.execute(RemoteWebDriver.java:552)
	at org.openqa.selenium.remote.RemoteWebDriver.findElement(RemoteWebDriver.java:323)
	at org.openqa.selenium.remote.RemoteWebDriver.findElementByXPath(RemoteWebDriver.java:428)
	at org.openqa.selenium.By$ByXPath.findElement(By.java:353)
	at org.openqa.selenium.remote.RemoteWebDriver.findElement(RemoteWebDriver.java:315)
	at org.openqa.selenium.support.pagefactory.DefaultElementLocator.findElement(DefaultElementLocator.java:69)
	at org.openqa.selenium.support.pagefactory.internal.LocatingElementHandler.invoke(LocatingElementHandler.java:38)
	at com.sun.proxy.$Proxy15.isDisplayed(Unknown Source)
	at com.salesforce.base.BasePage.clickElement(BasePage.java:68)
	at com.salesforce.pages.usermenupages.UsermenuPage.clickChooseFile(UsermenuPage.java:105)
	at com.salesforce.tests.Usermenu.UsermenuTest.selectMyProfileTest(UsermenuTest.java:50)
	at java.base/java.util.ArrayList.forEach(ArrayList.java:1511)
... Removed 32 stack frames</div></td></tr></table><p class="totop"><a href="#summary">back to summary</a></p>
<h3 id="m1">com.salesforce.tests.Usermenu.UsermenuTest#selectMySettingsTest</h3><table class="result"><tr><th>Exception</th></tr><tr><td><div class="stacktrace">org.openqa.selenium.InvalidSelectorException: invalid selector: The result of the xpath expression &quot;//*[@id=&quot;summary0&quot;]/div/text()&quot; is: [object Text]. It should be an element.
  (Session info: chrome=98.0.4758.82)
For documentation on this error, please visit: http://seleniumhq.org/exceptions/invalid_selector_exception.html
Build info: version: &apos;3.141.5&apos;, revision: &apos;d54ebd709a&apos;, time: &apos;2018-11-06T11:42:16&apos;
System info: host: &apos;DOCTOR-BUTTONS&apos;, ip: &apos;192.168.11.34&apos;, os.name: &apos;Windows 10&apos;, os.arch: &apos;amd64&apos;, os.version: &apos;10.0&apos;, java.version: &apos;14.0.2&apos;
Driver info: org.openqa.selenium.chrome.ChromeDriver
Capabilities {acceptInsecureCerts: false, browserName: chrome, browserVersion: 98.0.4758.82, chrome: {chromedriverVersion: 98.0.4758.80 (7f0488e8ba0d8..., userDataDir: C:\Users\synco\AppData\Loca...}, goog:chromeOptions: {debuggerAddress: localhost:49980}, javascriptEnabled: true, networkConnectionEnabled: false, pageLoadStrategy: normal, platform: WINDOWS, platformName: WINDOWS, proxy: Proxy(), setWindowRect: true, strictFileInteractability: false, timeouts: {implicit: 0, pageLoad: 300000, script: 30000}, unhandledPromptBehavior: dismiss and notify, webauthn:extension:credBlob: true, webauthn:extension:largeBlob: true, webauthn:virtualAuthenticators: true}
Session ID: b959ce66e2896de37a788faf9ea07664
*** Element info: {Using=xpath, value=//*[@id=&quot;summary0&quot;]/div/text()}
	at org.openqa.selenium.remote.http.W3CHttpResponseCodec.createException(W3CHttpResponseCodec.java:187)
	at org.openqa.selenium.remote.http.W3CHttpResponseCodec.decode(W3CHttpResponseCodec.java:122)
	at org.openqa.selenium.remote.http.W3CHttpResponseCodec.decode(W3CHttpResponseCodec.java:49)
	at org.openqa.selenium.remote.HttpCommandExecutor.execute(HttpCommandExecutor.java:158)
	at org.openqa.selenium.remote.service.DriverCommandExecutor.execute(DriverCommandExecutor.java:83)
	at org.openqa.selenium.remote.RemoteWebDriver.execute(RemoteWebDriver.java:552)
	at org.openqa.selenium.remote.RemoteWebDriver.findElement(RemoteWebDriver.java:323)
	at org.openqa.selenium.remote.RemoteWebDriver.findElementByXPath(RemoteWebDriver.java:428)
	at org.openqa.selenium.By$ByXPath.findElement(By.java:353)
	at org.openqa.selenium.remote.RemoteWebDriver.findElement(RemoteWebDriver.java:315)
	at com.salesforce.tests.Usermenu.UsermenuTest.selectMySettingsTest(UsermenuTest.java:106)
	at java.base/java.util.ArrayList.forEach(ArrayList.java:1511)
... Removed 32 stack frames</div></td></tr></table><p class="totop"><a href="#summary">back to summary</a></p>
<h3 id="m2">com.salesforce.tests.Home.HomeTest#enterFormData</h3><table class="result"><tr><th class="invisible"/></tr></table><p class="totop"><a href="#summary">back to summary</a></p>
<h3 id="m3">com.salesforce.tests.Login.LoginTest#forgotPassword1</h3><table class="result"><tr><th class="invisible"/></tr></table><p class="totop"><a href="#summary">back to summary</a></p>
<h3 id="m4">com.salesforce.tests.Login.LoginTest#forgotPassword2</h3><table class="result"><tr><th class="invisible"/></tr></table><p class="totop"><a href="#summary">back to summary</a></p>
<h3 id="m5">com.salesforce.tests.Login.LoginTest#invalidLoginTest</h3><table class="result"><tr><th class="invisible"/></tr></table><p class="totop"><a href="#summary">back to summary</a></p>
<h3 id="m6">com.salesforce.tests.Login.LoginTest#validLoginTest</h3><table class="result"><tr><th class="invisible"/></tr></table><p class="totop"><a href="#summary">back to summary</a></p>
<h3 id="m7">com.salesforce.tests.Login.LoginTest#validRememberMe</h3><table class="result"><tr><th class="invisible"/></tr></table><p class="totop"><a href="#summary">back to summary</a></p>
<h3 id="m8">com.salesforce.tests.Usermenu.UsermenuTest#selectDevConsoleTest</h3><table class="result"><tr><th class="invisible"/></tr></table><p class="totop"><a href="#summary">back to summary</a></p>
<h3 id="m9">com.salesforce.tests.Usermenu.UsermenuTest#selectLogout</h3><table class="result"><tr><th class="invisible"/></tr></table><p class="totop"><a href="#summary">back to summary</a></p>
<h3 id="m10">com.salesforce.tests.Usermenu.UsermenuTest#usernameDropdownTest</h3><table class="result"><tr><th class="invisible"/></tr></table><p class="totop"><a href="#summary">back to summary</a></p>
<h2>Firefox</h2><h3 id="m11">com.salesforce.tests.CreateAcct.CreateAcctTest#createAccountReportTest</h3><table class="result"><tr><th>Exception</th></tr><tr><td><div class="stacktrace">java.lang.AssertionError: expected [Work report ~ Salesforce - Developer Edition] but found [Unsaved Report ~ Salesforce - Developer Edition]
	at com.salesforce.tests.CreateAcct.CreateAcctTest.createAccountReportTest(CreateAcctTest.java:161)
	at java.base/java.util.ArrayList.forEach(ArrayList.java:1511)
... Removed 33 stack frames</div></td></tr></table><p class="totop"><a href="#summary">back to summary</a></p>
<h3 id="m12">com.salesforce.tests.CreateOpty.CreateOptyTest#createNewOptyTest</h3><table class="result"><tr><th>Exception</th></tr><tr><td><div class="stacktrace">java.lang.AssertionError: expected [true] but found [false]
	at com.salesforce.tests.CreateOpty.CreateOptyTest.createNewOptyTest(CreateOptyTest.java:70)
	at java.base/java.util.ArrayList.forEach(ArrayList.java:1511)
... Removed 33 stack frames</div></td></tr></table><p class="totop"><a href="#summary">back to summary</a></p>
<h3 id="m13">com.salesforce.tests.CreateAcct.CreateAcctTest#createAccountTest</h3><table class="result"><tr><th class="invisible"/></tr></table><p class="totop"><a href="#summary">back to summary</a></p>
<h3 id="m14">com.salesforce.tests.CreateAcct.CreateAcctTest#createEditViewTest</h3><table class="result"><tr><th class="invisible"/></tr></table><p class="totop"><a href="#summary">back to summary</a></p>
<h3 id="m15">com.salesforce.tests.CreateAcct.CreateAcctTest#createNewViewTest</h3><table class="result"><tr><th class="invisible"/></tr></table><p class="totop"><a href="#summary">back to summary</a></p>
<h3 id="m16">com.salesforce.tests.CreateAcct.CreateAcctTest#mergeAccountsTest</h3><table class="result"><tr><th class="invisible"/></tr></table><p class="totop"><a href="#summary">back to summary</a></p>
<h3 id="m17">com.salesforce.tests.CreateOpty.CreateOptyTest#optyPipelineReportTest</h3><table class="result"><tr><th class="invisible"/></tr></table><p class="totop"><a href="#summary">back to summary</a></p>
<h3 id="m18">com.salesforce.tests.CreateOpty.CreateOptyTest#quarterlySummaryReportTest</h3><table class="result"><tr><th class="invisible"/></tr></table><p class="totop"><a href="#summary">back to summary</a></p>
<h3 id="m19">com.salesforce.tests.CreateOpty.CreateOptyTest#stuckOptyReportTest</h3><table class="result"><tr><th class="invisible"/></tr></table><p class="totop"><a href="#summary">back to summary</a></p>
<h3 id="m20">com.salesforce.tests.Leads.LeadsTest#functOfGoBtnTest</h3><table class="result"><tr><th class="invisible"/></tr></table><p class="totop"><a href="#summary">back to summary</a></p>
<h3 id="m21">com.salesforce.tests.Leads.LeadsTest#leadsSelectViewTest</h3><table class="result"><tr><th class="invisible"/></tr></table><p class="totop"><a href="#summary">back to summary</a></p>
<h3 id="m22">com.salesforce.tests.Leads.LeadsTest#leadsTabTest</h3><table class="result"><tr><th class="invisible"/></tr></table><p class="totop"><a href="#summary">back to summary</a></p>
<h3 id="m23">com.salesforce.tests.Leads.LeadsTest#newBtnLeadsHomeTest</h3><table class="result"><tr><th class="invisible"/></tr></table><p class="totop"><a href="#summary">back to summary</a></p>
<h3 id="m24">com.salesforce.tests.Leads.LeadsTest#todaysLeadsTest</h3><table class="result"><tr><th class="invisible"/></tr></table><p class="totop"><a href="#summary">back to summary</a></p>
<h2>Edge</h2><h3 id="m25">com.salesforce.tests.Contacts.ContactsTest#checkMyContactViewTest</h3><table class="result"><tr><th>Exception</th></tr><tr><td><div class="stacktrace">org.openqa.selenium.NoSuchElementException: no such element: Unable to locate element: {&quot;method&quot;:&quot;css selector&quot;,&quot;selector&quot;:&quot;#fcf&quot;}
  (Session info: MicrosoftEdge=98.0.1108.50)
For documentation on this error, please visit: http://seleniumhq.org/exceptions/no_such_element.html
Build info: version: &apos;3.141.5&apos;, revision: &apos;d54ebd709a&apos;, time: &apos;2018-11-06T11:42:16&apos;
System info: host: &apos;DOCTOR-BUTTONS&apos;, ip: &apos;192.168.11.34&apos;, os.name: &apos;Windows 10&apos;, os.arch: &apos;amd64&apos;, os.version: &apos;10.0&apos;, java.version: &apos;14.0.2&apos;
Driver info: org.openqa.selenium.edge.EdgeDriver
Capabilities {acceptInsecureCerts: false, browserName: msedge, browserVersion: 98.0.1108.50, javascriptEnabled: true, ms:edgeOptions: {debuggerAddress: localhost:52942}, msedge: {msedgedriverVersion: 98.0.1108.50 (4203d3deac4b8..., userDataDir: C:\Users\synco\AppData\Loca...}, networkConnectionEnabled: false, pageLoadStrategy: normal, platform: WINDOWS, platformName: WINDOWS, proxy: Proxy(), setWindowRect: true, strictFileInteractability: false, timeouts: {implicit: 0, pageLoad: 300000, script: 30000}, unhandledPromptBehavior: dismiss and notify, webauthn:extension:credBlob: true, webauthn:extension:largeBlob: true, webauthn:virtualAuthenticators: true}
Session ID: d6f51dccad4bf8ae0d613086b37c77dd
*** Element info: {Using=css selector, value=#fcf}
	at org.openqa.selenium.remote.http.W3CHttpResponseCodec.createException(W3CHttpResponseCodec.java:187)
	at org.openqa.selenium.remote.http.W3CHttpResponseCodec.decode(W3CHttpResponseCodec.java:122)
	at org.openqa.selenium.remote.http.W3CHttpResponseCodec.decode(W3CHttpResponseCodec.java:49)
	at org.openqa.selenium.remote.HttpCommandExecutor.execute(HttpCommandExecutor.java:158)
	at org.openqa.selenium.remote.service.DriverCommandExecutor.execute(DriverCommandExecutor.java:83)
	at org.openqa.selenium.remote.RemoteWebDriver.execute(RemoteWebDriver.java:552)
	at org.openqa.selenium.remote.RemoteWebDriver.findElement(RemoteWebDriver.java:323)
	at org.openqa.selenium.remote.RemoteWebDriver.findElementByCssSelector(RemoteWebDriver.java:420)
	at org.openqa.selenium.By$ByCssSelector.findElement(By.java:431)
	at org.openqa.selenium.remote.RemoteWebDriver.findElement(RemoteWebDriver.java:315)
	at com.salesforce.tests.Contacts.ContactsTest.checkMyContactViewTest(ContactsTest.java:112)
	at java.base/java.util.ArrayList.forEach(ArrayList.java:1511)
... Removed 32 stack frames</div></td></tr></table><p class="totop"><a href="#summary">back to summary</a></p>
<h3 id="m26">com.salesforce.tests.RandomScenarios.RandomScenariosTest#BlockingEventRecurringTest</h3><table class="result"><tr><th>Exception</th></tr><tr><td><div class="stacktrace">org.openqa.selenium.NoSuchElementException: no such element: Unable to locate element: {&quot;method&quot;:&quot;css selector&quot;,&quot;selector&quot;:&quot;#bodyCell &gt; div.bCalendar &gt; div.bPageBlock.brandSecondaryBrd.secondaryPalette &gt; div.pbBody &gt; table &gt; tbody &gt; tr:nth-child(3) &gt; td.calToday &gt; div:nth-child(2) &gt; a&quot;}
  (Session info: MicrosoftEdge=98.0.1108.50)
For documentation on this error, please visit: http://seleniumhq.org/exceptions/no_such_element.html
Build info: version: &apos;3.141.5&apos;, revision: &apos;d54ebd709a&apos;, time: &apos;2018-11-06T11:42:16&apos;
System info: host: &apos;DOCTOR-BUTTONS&apos;, ip: &apos;192.168.11.34&apos;, os.name: &apos;Windows 10&apos;, os.arch: &apos;amd64&apos;, os.version: &apos;10.0&apos;, java.version: &apos;14.0.2&apos;
Driver info: org.openqa.selenium.edge.EdgeDriver
Capabilities {acceptInsecureCerts: false, browserName: msedge, browserVersion: 98.0.1108.50, javascriptEnabled: true, ms:edgeOptions: {debuggerAddress: localhost:52353}, msedge: {msedgedriverVersion: 98.0.1108.50 (4203d3deac4b8..., userDataDir: C:\Users\synco\AppData\Loca...}, networkConnectionEnabled: false, pageLoadStrategy: normal, platform: WINDOWS, platformName: WINDOWS, proxy: Proxy(), setWindowRect: true, strictFileInteractability: false, timeouts: {implicit: 0, pageLoad: 300000, script: 30000}, unhandledPromptBehavior: dismiss and notify, webauthn:extension:credBlob: true, webauthn:extension:largeBlob: true, webauthn:virtualAuthenticators: true}
Session ID: a199206e8a092a8ccb29f477072e7f6f
*** Element info: {Using=css selector, value=#bodyCell &gt; div.bCalendar &gt; div.bPageBlock.brandSecondaryBrd.secondaryPalette &gt; div.pbBody &gt; table &gt; tbody &gt; tr:nth-child(3) &gt; td.calToday &gt; div:nth-child(2) &gt; a}
	at org.openqa.selenium.remote.http.W3CHttpResponseCodec.createException(W3CHttpResponseCodec.java:187)
	at org.openqa.selenium.remote.http.W3CHttpResponseCodec.decode(W3CHttpResponseCodec.java:122)
	at org.openqa.selenium.remote.http.W3CHttpResponseCodec.decode(W3CHttpResponseCodec.java:49)
	at org.openqa.selenium.remote.HttpCommandExecutor.execute(HttpCommandExecutor.java:158)
	at org.openqa.selenium.remote.service.DriverCommandExecutor.execute(DriverCommandExecutor.java:83)
	at org.openqa.selenium.remote.RemoteWebDriver.execute(RemoteWebDriver.java:552)
	at org.openqa.selenium.remote.RemoteWebDriver.findElement(RemoteWebDriver.java:323)
	at org.openqa.selenium.remote.RemoteWebDriver.findElementByCssSelector(RemoteWebDriver.java:420)
	at org.openqa.selenium.By$ByCssSelector.findElement(By.java:431)
	at org.openqa.selenium.remote.RemoteWebDriver.findElement(RemoteWebDriver.java:315)
	at com.salesforce.tests.RandomScenarios.RandomScenariosTest.BlockingEventRecurringTest(RandomScenariosTest.java:155)
	at java.base/java.util.ArrayList.forEach(ArrayList.java:1511)
... Removed 32 stack frames</div></td></tr></table><p class="totop"><a href="#summary">back to summary</a></p>
<h3 id="m27">com.salesforce.tests.RandomScenarios.RandomScenariosTest#verifyEditedLastnameTest</h3><table class="result"><tr><th>Exception</th></tr><tr><td><div class="stacktrace">org.openqa.selenium.NoSuchElementException: no such element: Unable to locate element: {&quot;method&quot;:&quot;xpath&quot;,&quot;selector&quot;:&quot;/html/body/div/div/div/div[1]/ul/li[1]&quot;}
  (Session info: MicrosoftEdge=98.0.1108.50)
For documentation on this error, please visit: http://seleniumhq.org/exceptions/no_such_element.html
Build info: version: &apos;3.141.5&apos;, revision: &apos;d54ebd709a&apos;, time: &apos;2018-11-06T11:42:16&apos;
System info: host: &apos;DOCTOR-BUTTONS&apos;, ip: &apos;192.168.11.34&apos;, os.name: &apos;Windows 10&apos;, os.arch: &apos;amd64&apos;, os.version: &apos;10.0&apos;, java.version: &apos;14.0.2&apos;
Driver info: org.openqa.selenium.edge.EdgeDriver
Capabilities {acceptInsecureCerts: false, browserName: msedge, browserVersion: 98.0.1108.50, javascriptEnabled: true, ms:edgeOptions: {debuggerAddress: localhost:52549}, msedge: {msedgedriverVersion: 98.0.1108.50 (4203d3deac4b8..., userDataDir: C:\Users\synco\AppData\Loca...}, networkConnectionEnabled: false, pageLoadStrategy: normal, platform: WINDOWS, platformName: WINDOWS, proxy: Proxy(), setWindowRect: true, strictFileInteractability: false, timeouts: {implicit: 0, pageLoad: 300000, script: 30000}, unhandledPromptBehavior: dismiss and notify, webauthn:extension:credBlob: true, webauthn:extension:largeBlob: true, webauthn:virtualAuthenticators: true}
Session ID: 81f65d525c60122b0eec5b093ac44052
*** Element info: {Using=xpath, value=/html/body/div/div/div/div[1]/ul/li[1]}
	at org.openqa.selenium.remote.http.W3CHttpResponseCodec.createException(W3CHttpResponseCodec.java:187)
	at org.openqa.selenium.remote.http.W3CHttpResponseCodec.decode(W3CHttpResponseCodec.java:122)
	at org.openqa.selenium.remote.http.W3CHttpResponseCodec.decode(W3CHttpResponseCodec.java:49)
	at org.openqa.selenium.remote.HttpCommandExecutor.execute(HttpCommandExecutor.java:158)
	at org.openqa.selenium.remote.service.DriverCommandExecutor.execute(DriverCommandExecutor.java:83)
	at org.openqa.selenium.remote.RemoteWebDriver.execute(RemoteWebDriver.java:552)
	at org.openqa.selenium.remote.RemoteWebDriver.findElement(RemoteWebDriver.java:323)
	at org.openqa.selenium.remote.RemoteWebDriver.findElementByXPath(RemoteWebDriver.java:428)
	at org.openqa.selenium.By$ByXPath.findElement(By.java:353)
	at org.openqa.selenium.remote.RemoteWebDriver.findElement(RemoteWebDriver.java:315)
	at org.openqa.selenium.support.pagefactory.DefaultElementLocator.findElement(DefaultElementLocator.java:69)
	at org.openqa.selenium.support.pagefactory.internal.LocatingElementHandler.invoke(LocatingElementHandler.java:38)
	at com.sun.proxy.$Proxy15.isDisplayed(Unknown Source)
	at com.salesforce.base.BasePage.clickElement(BasePage.java:68)
	at com.salesforce.pages.randomscenariospages.RandomScenariosPage.clickAbout(RandomScenariosPage.java:118)
	at com.salesforce.tests.RandomScenarios.RandomScenariosTest.verifyEditedLastnameTest(RandomScenariosTest.java:57)
	at java.base/java.util.ArrayList.forEach(ArrayList.java:1511)
... Removed 32 stack frames</div></td></tr></table><p class="totop"><a href="#summary">back to summary</a></p>
<h3 id="m28">com.salesforce.tests.RandomScenarios.RandomScenariosTest#verifyTabCustomTest</h3><table class="result"><tr><th>Exception</th></tr><tr><td><div class="stacktrace">java.lang.AssertionError: expected [Accounts] but found [Libraries]
	at com.salesforce.tests.RandomScenarios.RandomScenariosTest.verifyTabCustomTest(RandomScenariosTest.java:78)
	at java.base/java.util.ArrayList.forEach(ArrayList.java:1511)
... Removed 33 stack frames</div></td></tr></table><p class="totop"><a href="#summary">back to summary</a></p>
<h3 id="m29">com.salesforce.tests.Contacts.ContactsTest#cancelBtnInCreateNewViewTest</h3><table class="result"><tr><th class="invisible"/></tr></table><p class="totop"><a href="#summary">back to summary</a></p>
<h3 id="m30">com.salesforce.tests.Contacts.ContactsTest#checkRecentlyCreatedContactTest</h3><table class="result"><tr><th class="invisible"/></tr></table><p class="totop"><a href="#summary">back to summary</a></p>
<h3 id="m31">com.salesforce.tests.Contacts.ContactsTest#createNewContactTest</h3><table class="result"><tr><th class="invisible"/></tr></table><p class="totop"><a href="#summary">back to summary</a></p>
<h3 id="m32">com.salesforce.tests.Contacts.ContactsTest#createNewViewContactTest</h3><table class="result"><tr><th class="invisible"/></tr></table><p class="totop"><a href="#summary">back to summary</a></p>
<h3 id="m33">com.salesforce.tests.Contacts.ContactsTest#newViewContactErrorMsgTest</h3><table class="result"><tr><th class="invisible"/></tr></table><p class="totop"><a href="#summary">back to summary</a></p>
<h3 id="m34">com.salesforce.tests.Contacts.ContactsTest#saveAndNewBtnInNewContactPageTest</h3><table class="result"><tr><th class="invisible"/></tr></table><p class="totop"><a href="#summary">back to summary</a></p>
<h3 id="m35">com.salesforce.tests.Contacts.ContactsTest#viewAContactTest</h3><table class="result"><tr><th class="invisible"/></tr></table><p class="totop"><a href="#summary">back to summary</a></p>
<h3 id="m36">com.salesforce.tests.RandomScenarios.RandomScenariosTest#BlockingEventInCalendarTest</h3><table class="result"><tr><th class="invisible"/></tr></table><p class="totop"><a href="#summary">back to summary</a></p>
<h3 id="m37">com.salesforce.tests.RandomScenarios.RandomScenariosTest#verifyFirstAndLastNameTest</h3><table class="result"><tr><th class="invisible"/></tr></table><p class="totop"><a href="#summary">back to summary</a></p>
</body>
</html>
