<?xml version="1.0" encoding="UTF-8"?>
<testng-results ignored="11" total="49" passed="30" failed="8" skipped="0">
  <reporter-output>
  </reporter-output>
  <suite started-at="2022-02-13T23:27:20 CST" name="Suite" finished-at="2022-02-13T23:44:03 CST" duration-ms="1003195">
    <groups>
    </groups>
    <test started-at="2022-02-13T23:27:20 CST" name="Chrome" finished-at="2022-02-13T23:29:39 CST" duration-ms="138605">
      <class name="com.salesforce.tests.Home.HomeTest">
        <test-method signature="enterFormData()[pri:0, instance:com.salesforce.tests.Home.HomeTest@64ec96c6]" started-at="2022-02-13T23:27:20 CST" name="enterFormData" finished-at="2022-02-13T23:27:20 CST" duration-ms="5" status="PASS">
          <reporter-output>
          </reporter-output>
        </test-method> <!-- enterFormData -->
      </class> <!-- com.salesforce.tests.Home.HomeTest -->
      <class name="com.salesforce.tests.Usermenu.UsermenuTest">
        <test-method is-config="true" signature="initialSetUp(java.lang.String,java.lang.reflect.Method)[pri:0, instance:com.salesforce.tests.Usermenu.UsermenuTest@2e32ccc5]" started-at="2022-02-13T23:27:56 CST" name="initialSetUp" finished-at="2022-02-13T23:27:58 CST" duration-ms="2143" status="PASS">
          <params>
            <param index="0">
              <value>
                <![CDATA[chrome]]>
              </value>
            </param>
            <param index="1">
              <value>
                <![CDATA[public void com.salesforce.tests.Usermenu.UsermenuTest.selectDevConsoleTest() throws java.lang.InterruptedException]]>
              </value>
            </param>
          </params>
          <reporter-output>
          </reporter-output>
        </test-method> <!-- initialSetUp -->
        <test-method signature="selectDevConsoleTest()[pri:0, instance:com.salesforce.tests.Usermenu.UsermenuTest@2e32ccc5]" started-at="2022-02-13T23:27:58 CST" name="selectDevConsoleTest" finished-at="2022-02-13T23:28:09 CST" duration-ms="10992" status="PASS">
          <reporter-output>
          </reporter-output>
        </test-method> <!-- selectDevConsoleTest -->
        <test-method is-config="true" signature="tearDown(org.testng.ITestResult)[pri:0, instance:com.salesforce.tests.Usermenu.UsermenuTest@2e32ccc5]" started-at="2022-02-13T23:28:09 CST" name="tearDown" finished-at="2022-02-13T23:28:10 CST" duration-ms="656" status="PASS">
          <params>
            <param index="0">
              <value>
                <![CDATA[[TestResult name=selectDevConsoleTest status=SUCCESS method=UsermenuTest.selectDevConsoleTest()[pri:0, instance:com.salesforce.tests.Usermenu.UsermenuTest@2e32ccc5] output={null}]]]>
              </value>
            </param>
          </params>
          <reporter-output>
          </reporter-output>
        </test-method> <!-- tearDown -->
        <test-method is-config="true" signature="initialSetUp(java.lang.String,java.lang.reflect.Method)[pri:0, instance:com.salesforce.tests.Usermenu.UsermenuTest@2e32ccc5]" started-at="2022-02-13T23:28:10 CST" name="initialSetUp" finished-at="2022-02-13T23:28:12 CST" duration-ms="2320" status="PASS">
          <params>
            <param index="0">
              <value>
                <![CDATA[chrome]]>
              </value>
            </param>
            <param index="1">
              <value>
                <![CDATA[public void com.salesforce.tests.Usermenu.UsermenuTest.selectLogout() throws java.lang.InterruptedException]]>
              </value>
            </param>
          </params>
          <reporter-output>
          </reporter-output>
        </test-method> <!-- initialSetUp -->
        <test-method signature="selectLogout()[pri:0, instance:com.salesforce.tests.Usermenu.UsermenuTest@2e32ccc5]" started-at="2022-02-13T23:28:12 CST" name="selectLogout" finished-at="2022-02-13T23:28:22 CST" duration-ms="9380" status="PASS">
          <reporter-output>
          </reporter-output>
        </test-method> <!-- selectLogout -->
        <test-method is-config="true" signature="tearDown(org.testng.ITestResult)[pri:0, instance:com.salesforce.tests.Usermenu.UsermenuTest@2e32ccc5]" started-at="2022-02-13T23:28:22 CST" name="tearDown" finished-at="2022-02-13T23:28:22 CST" duration-ms="645" status="PASS">
          <params>
            <param index="0">
              <value>
                <![CDATA[[TestResult name=selectLogout status=SUCCESS method=UsermenuTest.selectLogout()[pri:0, instance:com.salesforce.tests.Usermenu.UsermenuTest@2e32ccc5] output={null}]]]>
              </value>
            </param>
          </params>
          <reporter-output>
          </reporter-output>
        </test-method> <!-- tearDown -->
        <test-method is-config="true" signature="initialSetUp(java.lang.String,java.lang.reflect.Method)[pri:0, instance:com.salesforce.tests.Usermenu.UsermenuTest@2e32ccc5]" started-at="2022-02-13T23:28:22 CST" name="initialSetUp" finished-at="2022-02-13T23:28:25 CST" duration-ms="2341" status="PASS">
          <params>
            <param index="0">
              <value>
                <![CDATA[chrome]]>
              </value>
            </param>
            <param index="1">
              <value>
                <![CDATA[public void com.salesforce.tests.Usermenu.UsermenuTest.selectMyProfileTest() throws java.lang.InterruptedException]]>
              </value>
            </param>
          </params>
          <reporter-output>
          </reporter-output>
        </test-method> <!-- initialSetUp -->
        <test-method signature="selectMyProfileTest()[pri:0, instance:com.salesforce.tests.Usermenu.UsermenuTest@2e32ccc5]" started-at="2022-02-13T23:28:25 CST" name="selectMyProfileTest" finished-at="2022-02-13T23:29:07 CST" duration-ms="42079" status="FAIL">
          <exception class="org.openqa.selenium.NoSuchElementException">
            <message>
              <![CDATA[no such element: Unable to locate element: {"method":"xpath","selector":"//*[@id="j_id0:uploadFileForm:uploadInputFile"]"}
  (Session info: chrome=98.0.4758.82)
For documentation on this error, please visit: http://seleniumhq.org/exceptions/no_such_element.html
Build info: version: '3.141.5', revision: 'd54ebd709a', time: '2018-11-06T11:42:16'
System info: host: 'DOCTOR-BUTTONS', ip: '192.168.11.34', os.name: 'Windows 10', os.arch: 'amd64', os.version: '10.0', java.version: '14.0.2'
Driver info: org.openqa.selenium.chrome.ChromeDriver
Capabilities {acceptInsecureCerts: false, browserName: chrome, browserVersion: 98.0.4758.82, chrome: {chromedriverVersion: 98.0.4758.80 (7f0488e8ba0d8..., userDataDir: C:\Users\synco\AppData\Loca...}, goog:chromeOptions: {debuggerAddress: localhost:49870}, javascriptEnabled: true, networkConnectionEnabled: false, pageLoadStrategy: normal, platform: WINDOWS, platformName: WINDOWS, proxy: Proxy(), setWindowRect: true, strictFileInteractability: false, timeouts: {implicit: 0, pageLoad: 300000, script: 30000}, unhandledPromptBehavior: dismiss and notify, webauthn:extension:credBlob: true, webauthn:extension:largeBlob: true, webauthn:virtualAuthenticators: true}
Session ID: bf3bfaaee2b50b88c4a988ceb1ad6100
*** Element info: {Using=xpath, value=//*[@id="j_id0:uploadFileForm:uploadInputFile"]}]]>
            </message>
            <full-stacktrace>
              <![CDATA[org.openqa.selenium.NoSuchElementException: no such element: Unable to locate element: {"method":"xpath","selector":"//*[@id="j_id0:uploadFileForm:uploadInputFile"]"}
  (Session info: chrome=98.0.4758.82)
For documentation on this error, please visit: http://seleniumhq.org/exceptions/no_such_element.html
Build info: version: '3.141.5', revision: 'd54ebd709a', time: '2018-11-06T11:42:16'
System info: host: 'DOCTOR-BUTTONS', ip: '192.168.11.34', os.name: 'Windows 10', os.arch: 'amd64', os.version: '10.0', java.version: '14.0.2'
Driver info: org.openqa.selenium.chrome.ChromeDriver
Capabilities {acceptInsecureCerts: false, browserName: chrome, browserVersion: 98.0.4758.82, chrome: {chromedriverVersion: 98.0.4758.80 (7f0488e8ba0d8..., userDataDir: C:\Users\synco\AppData\Loca...}, goog:chromeOptions: {debuggerAddress: localhost:49870}, javascriptEnabled: true, networkConnectionEnabled: false, pageLoadStrategy: normal, platform: WINDOWS, platformName: WINDOWS, proxy: Proxy(), setWindowRect: true, strictFileInteractability: false, timeouts: {implicit: 0, pageLoad: 300000, script: 30000}, unhandledPromptBehavior: dismiss and notify, webauthn:extension:credBlob: true, webauthn:extension:largeBlob: true, webauthn:virtualAuthenticators: true}
Session ID: bf3bfaaee2b50b88c4a988ceb1ad6100
*** Element info: {Using=xpath, value=//*[@id="j_id0:uploadFileForm:uploadInputFile"]}
at java.base/jdk.internal.reflect.NativeConstructorAccessorImpl.newInstance0(Native Method)
at java.base/jdk.internal.reflect.NativeConstructorAccessorImpl.newInstance(NativeConstructorAccessorImpl.java:62)
at java.base/jdk.internal.reflect.DelegatingConstructorAccessorImpl.newInstance(DelegatingConstructorAccessorImpl.java:45)
at java.base/java.lang.reflect.Constructor.newInstanceWithCaller(Constructor.java:500)
at java.base/java.lang.reflect.Constructor.newInstance(Constructor.java:481)
at org.openqa.selenium.remote.http.W3CHttpResponseCodec.createException(W3CHttpResponseCodec.java:187)
at org.openqa.selenium.remote.http.W3CHttpResponseCodec.decode(W3CHttpResponseCodec.java:122)
at org.openqa.selenium.remote.http.W3CHttpResponseCodec.decode(W3CHttpResponseCodec.java:49)
at org.openqa.selenium.remote.HttpCommandExecutor.execute(HttpCommandExecutor.java:158)
at org.openqa.selenium.remote.service.DriverCommandExecutor.execute(DriverCommandExecutor.java:83)
at org.openqa.selenium.remote.RemoteWebDriver.execute(RemoteWebDriver.java:552)
at org.openqa.selenium.remote.RemoteWebDriver.findElement(RemoteWebDriver.java:323)
at org.openqa.selenium.remote.RemoteWebDriver.findElementByXPath(RemoteWebDriver.java:428)
at org.openqa.selenium.By$ByXPath.findElement(By.java:353)
at org.openqa.selenium.remote.RemoteWebDriver.findElement(RemoteWebDriver.java:315)
at org.openqa.selenium.support.pagefactory.DefaultElementLocator.findElement(DefaultElementLocator.java:69)
at org.openqa.selenium.support.pagefactory.internal.LocatingElementHandler.invoke(LocatingElementHandler.java:38)
at com.sun.proxy.$Proxy15.isDisplayed(Unknown Source)
at com.salesforce.base.BasePage.clickElement(BasePage.java:68)
at com.salesforce.pages.usermenupages.UsermenuPage.clickChooseFile(UsermenuPage.java:105)
at com.salesforce.tests.Usermenu.UsermenuTest.selectMyProfileTest(UsermenuTest.java:50)
at java.base/jdk.internal.reflect.NativeMethodAccessorImpl.invoke0(Native Method)
at java.base/jdk.internal.reflect.NativeMethodAccessorImpl.invoke(NativeMethodAccessorImpl.java:62)
at java.base/jdk.internal.reflect.DelegatingMethodAccessorImpl.invoke(DelegatingMethodAccessorImpl.java:43)
at java.base/java.lang.reflect.Method.invoke(Method.java:564)
at org.testng.internal.MethodInvocationHelper.invokeMethod(MethodInvocationHelper.java:133)
at org.testng.internal.TestInvoker.invokeMethod(TestInvoker.java:598)
at org.testng.internal.TestInvoker.invokeTestMethod(TestInvoker.java:173)
at org.testng.internal.MethodRunner.runInSequence(MethodRunner.java:46)
at org.testng.internal.TestInvoker$MethodInvocationAgent.invoke(TestInvoker.java:824)
at org.testng.internal.TestInvoker.invokeTestMethods(TestInvoker.java:146)
at org.testng.internal.TestMethodWorker.invokeTestMethods(TestMethodWorker.java:146)
at org.testng.internal.TestMethodWorker.run(TestMethodWorker.java:128)
at java.base/java.util.ArrayList.forEach(ArrayList.java:1511)
at org.testng.TestRunner.privateRun(TestRunner.java:794)
at org.testng.TestRunner.run(TestRunner.java:596)
at org.testng.SuiteRunner.runTest(SuiteRunner.java:377)
at org.testng.SuiteRunner.runSequentially(SuiteRunner.java:371)
at org.testng.SuiteRunner.privateRun(SuiteRunner.java:332)
at org.testng.SuiteRunner.run(SuiteRunner.java:276)
at org.testng.SuiteRunnerWorker.runSuite(SuiteRunnerWorker.java:53)
at org.testng.SuiteRunnerWorker.run(SuiteRunnerWorker.java:96)
at org.testng.TestNG.runSuitesSequentially(TestNG.java:1212)
at org.testng.TestNG.runSuitesLocally(TestNG.java:1134)
at org.testng.TestNG.runSuites(TestNG.java:1063)
at org.testng.TestNG.run(TestNG.java:1031)
at org.testng.remote.AbstractRemoteTestNG.run(AbstractRemoteTestNG.java:115)
at org.testng.remote.RemoteTestNG.initAndRun(RemoteTestNG.java:251)
at org.testng.remote.RemoteTestNG.main(RemoteTestNG.java:77)
]]>
            </full-stacktrace>
          </exception> <!-- org.openqa.selenium.NoSuchElementException -->
          <reporter-output>
          </reporter-output>
        </test-method> <!-- selectMyProfileTest -->
        <test-method is-config="true" signature="tearDown(org.testng.ITestResult)[pri:0, instance:com.salesforce.tests.Usermenu.UsermenuTest@2e32ccc5]" started-at="2022-02-13T23:29:07 CST" name="tearDown" finished-at="2022-02-13T23:29:08 CST" duration-ms="801" status="PASS">
          <params>
            <param index="0">
              <value>
                <![CDATA[[TestResult name=selectMyProfileTest status=FAILURE method=UsermenuTest.selectMyProfileTest()[pri:0, instance:com.salesforce.tests.Usermenu.UsermenuTest@2e32ccc5] output={null}]]]>
              </value>
            </param>
          </params>
          <reporter-output>
          </reporter-output>
        </test-method> <!-- tearDown -->
        <test-method is-config="true" signature="initialSetUp(java.lang.String,java.lang.reflect.Method)[pri:0, instance:com.salesforce.tests.Usermenu.UsermenuTest@2e32ccc5]" started-at="2022-02-13T23:29:08 CST" name="initialSetUp" finished-at="2022-02-13T23:29:10 CST" duration-ms="2350" status="PASS">
          <params>
            <param index="0">
              <value>
                <![CDATA[chrome]]>
              </value>
            </param>
            <param index="1">
              <value>
                <![CDATA[public void com.salesforce.tests.Usermenu.UsermenuTest.selectMySettingsTest() throws java.lang.InterruptedException]]>
              </value>
            </param>
          </params>
          <reporter-output>
          </reporter-output>
        </test-method> <!-- initialSetUp -->
        <test-method signature="selectMySettingsTest()[pri:0, instance:com.salesforce.tests.Usermenu.UsermenuTest@2e32ccc5]" started-at="2022-02-13T23:29:10 CST" name="selectMySettingsTest" finished-at="2022-02-13T23:29:25 CST" duration-ms="15133" status="FAIL">
          <exception class="org.openqa.selenium.InvalidSelectorException">
            <message>
              <![CDATA[invalid selector: The result of the xpath expression "//*[@id="summary0"]/div/text()" is: [object Text]. It should be an element.
  (Session info: chrome=98.0.4758.82)
For documentation on this error, please visit: http://seleniumhq.org/exceptions/invalid_selector_exception.html
Build info: version: '3.141.5', revision: 'd54ebd709a', time: '2018-11-06T11:42:16'
System info: host: 'DOCTOR-BUTTONS', ip: '192.168.11.34', os.name: 'Windows 10', os.arch: 'amd64', os.version: '10.0', java.version: '14.0.2'
Driver info: org.openqa.selenium.chrome.ChromeDriver
Capabilities {acceptInsecureCerts: false, browserName: chrome, browserVersion: 98.0.4758.82, chrome: {chromedriverVersion: 98.0.4758.80 (7f0488e8ba0d8..., userDataDir: C:\Users\synco\AppData\Loca...}, goog:chromeOptions: {debuggerAddress: localhost:49980}, javascriptEnabled: true, networkConnectionEnabled: false, pageLoadStrategy: normal, platform: WINDOWS, platformName: WINDOWS, proxy: Proxy(), setWindowRect: true, strictFileInteractability: false, timeouts: {implicit: 0, pageLoad: 300000, script: 30000}, unhandledPromptBehavior: dismiss and notify, webauthn:extension:credBlob: true, webauthn:extension:largeBlob: true, webauthn:virtualAuthenticators: true}
Session ID: b959ce66e2896de37a788faf9ea07664
*** Element info: {Using=xpath, value=//*[@id="summary0"]/div/text()}]]>
            </message>
            <full-stacktrace>
              <![CDATA[org.openqa.selenium.InvalidSelectorException: invalid selector: The result of the xpath expression "//*[@id="summary0"]/div/text()" is: [object Text]. It should be an element.
  (Session info: chrome=98.0.4758.82)
For documentation on this error, please visit: http://seleniumhq.org/exceptions/invalid_selector_exception.html
Build info: version: '3.141.5', revision: 'd54ebd709a', time: '2018-11-06T11:42:16'
System info: host: 'DOCTOR-BUTTONS', ip: '192.168.11.34', os.name: 'Windows 10', os.arch: 'amd64', os.version: '10.0', java.version: '14.0.2'
Driver info: org.openqa.selenium.chrome.ChromeDriver
Capabilities {acceptInsecureCerts: false, browserName: chrome, browserVersion: 98.0.4758.82, chrome: {chromedriverVersion: 98.0.4758.80 (7f0488e8ba0d8..., userDataDir: C:\Users\synco\AppData\Loca...}, goog:chromeOptions: {debuggerAddress: localhost:49980}, javascriptEnabled: true, networkConnectionEnabled: false, pageLoadStrategy: normal, platform: WINDOWS, platformName: WINDOWS, proxy: Proxy(), setWindowRect: true, strictFileInteractability: false, timeouts: {implicit: 0, pageLoad: 300000, script: 30000}, unhandledPromptBehavior: dismiss and notify, webauthn:extension:credBlob: true, webauthn:extension:largeBlob: true, webauthn:virtualAuthenticators: true}
Session ID: b959ce66e2896de37a788faf9ea07664
*** Element info: {Using=xpath, value=//*[@id="summary0"]/div/text()}
at java.base/jdk.internal.reflect.NativeConstructorAccessorImpl.newInstance0(Native Method)
at java.base/jdk.internal.reflect.NativeConstructorAccessorImpl.newInstance(NativeConstructorAccessorImpl.java:62)
at java.base/jdk.internal.reflect.DelegatingConstructorAccessorImpl.newInstance(DelegatingConstructorAccessorImpl.java:45)
at java.base/java.lang.reflect.Constructor.newInstanceWithCaller(Constructor.java:500)
at java.base/java.lang.reflect.Constructor.newInstance(Constructor.java:481)
at org.openqa.selenium.remote.http.W3CHttpResponseCodec.createException(W3CHttpResponseCodec.java:187)
at org.openqa.selenium.remote.http.W3CHttpResponseCodec.decode(W3CHttpResponseCodec.java:122)
at org.openqa.selenium.remote.http.W3CHttpResponseCodec.decode(W3CHttpResponseCodec.java:49)
at org.openqa.selenium.remote.HttpCommandExecutor.execute(HttpCommandExecutor.java:158)
at org.openqa.selenium.remote.service.DriverCommandExecutor.execute(DriverCommandExecutor.java:83)
at org.openqa.selenium.remote.RemoteWebDriver.execute(RemoteWebDriver.java:552)
at org.openqa.selenium.remote.RemoteWebDriver.findElement(RemoteWebDriver.java:323)
at org.openqa.selenium.remote.RemoteWebDriver.findElementByXPath(RemoteWebDriver.java:428)
at org.openqa.selenium.By$ByXPath.findElement(By.java:353)
at org.openqa.selenium.remote.RemoteWebDriver.findElement(RemoteWebDriver.java:315)
at com.salesforce.tests.Usermenu.UsermenuTest.selectMySettingsTest(UsermenuTest.java:106)
at java.base/jdk.internal.reflect.NativeMethodAccessorImpl.invoke0(Native Method)
at java.base/jdk.internal.reflect.NativeMethodAccessorImpl.invoke(NativeMethodAccessorImpl.java:62)
at java.base/jdk.internal.reflect.DelegatingMethodAccessorImpl.invoke(DelegatingMethodAccessorImpl.java:43)
at java.base/java.lang.reflect.Method.invoke(Method.java:564)
at org.testng.internal.MethodInvocationHelper.invokeMethod(MethodInvocationHelper.java:133)
at org.testng.internal.TestInvoker.invokeMethod(TestInvoker.java:598)
at org.testng.internal.TestInvoker.invokeTestMethod(TestInvoker.java:173)
at org.testng.internal.MethodRunner.runInSequence(MethodRunner.java:46)
at org.testng.internal.TestInvoker$MethodInvocationAgent.invoke(TestInvoker.java:824)
at org.testng.internal.TestInvoker.invokeTestMethods(TestInvoker.java:146)
at org.testng.internal.TestMethodWorker.invokeTestMethods(TestMethodWorker.java:146)
at org.testng.internal.TestMethodWorker.run(TestMethodWorker.java:128)
at java.base/java.util.ArrayList.forEach(ArrayList.java:1511)
at org.testng.TestRunner.privateRun(TestRunner.java:794)
at org.testng.TestRunner.run(TestRunner.java:596)
at org.testng.SuiteRunner.runTest(SuiteRunner.java:377)
at org.testng.SuiteRunner.runSequentially(SuiteRunner.java:371)
at org.testng.SuiteRunner.privateRun(SuiteRunner.java:332)
at org.testng.SuiteRunner.run(SuiteRunner.java:276)
at org.testng.SuiteRunnerWorker.runSuite(SuiteRunnerWorker.java:53)
at org.testng.SuiteRunnerWorker.run(SuiteRunnerWorker.java:96)
at org.testng.TestNG.runSuitesSequentially(TestNG.java:1212)
at org.testng.TestNG.runSuitesLocally(TestNG.java:1134)
at org.testng.TestNG.runSuites(TestNG.java:1063)
at org.testng.TestNG.run(TestNG.java:1031)
at org.testng.remote.AbstractRemoteTestNG.run(AbstractRemoteTestNG.java:115)
at org.testng.remote.RemoteTestNG.initAndRun(RemoteTestNG.java:251)
at org.testng.remote.RemoteTestNG.main(RemoteTestNG.java:77)
]]>
            </full-stacktrace>
          </exception> <!-- org.openqa.selenium.InvalidSelectorException -->
          <reporter-output>
          </reporter-output>
        </test-method> <!-- selectMySettingsTest -->
        <test-method is-config="true" signature="tearDown(org.testng.ITestResult)[pri:0, instance:com.salesforce.tests.Usermenu.UsermenuTest@2e32ccc5]" started-at="2022-02-13T23:29:25 CST" name="tearDown" finished-at="2022-02-13T23:29:26 CST" duration-ms="707" status="PASS">
          <params>
            <param index="0">
              <value>
                <![CDATA[[TestResult name=selectMySettingsTest status=FAILURE method=UsermenuTest.selectMySettingsTest()[pri:0, instance:com.salesforce.tests.Usermenu.UsermenuTest@2e32ccc5] output={null}]]]>
              </value>
            </param>
          </params>
          <reporter-output>
          </reporter-output>
        </test-method> <!-- tearDown -->
        <test-method is-config="true" signature="initialSetUp(java.lang.String,java.lang.reflect.Method)[pri:0, instance:com.salesforce.tests.Usermenu.UsermenuTest@2e32ccc5]" started-at="2022-02-13T23:29:26 CST" name="initialSetUp" finished-at="2022-02-13T23:29:30 CST" duration-ms="4144" status="PASS">
          <params>
            <param index="0">
              <value>
                <![CDATA[chrome]]>
              </value>
            </param>
            <param index="1">
              <value>
                <![CDATA[public void com.salesforce.tests.Usermenu.UsermenuTest.usernameDropdownTest() throws java.lang.InterruptedException]]>
              </value>
            </param>
          </params>
          <reporter-output>
          </reporter-output>
        </test-method> <!-- initialSetUp -->
        <test-method signature="usernameDropdownTest()[pri:0, instance:com.salesforce.tests.Usermenu.UsermenuTest@2e32ccc5]" started-at="2022-02-13T23:29:30 CST" name="usernameDropdownTest" finished-at="2022-02-13T23:29:38 CST" duration-ms="7994" status="PASS">
          <reporter-output>
          </reporter-output>
        </test-method> <!-- usernameDropdownTest -->
        <test-method is-config="true" signature="tearDown(org.testng.ITestResult)[pri:0, instance:com.salesforce.tests.Usermenu.UsermenuTest@2e32ccc5]" started-at="2022-02-13T23:29:38 CST" name="tearDown" finished-at="2022-02-13T23:29:39 CST" duration-ms="632" status="PASS">
          <params>
            <param index="0">
              <value>
                <![CDATA[[TestResult name=usernameDropdownTest status=SUCCESS method=UsermenuTest.usernameDropdownTest()[pri:0, instance:com.salesforce.tests.Usermenu.UsermenuTest@2e32ccc5] output={null}]]]>
              </value>
            </param>
          </params>
          <reporter-output>
          </reporter-output>
        </test-method> <!-- tearDown -->
      </class> <!-- com.salesforce.tests.Usermenu.UsermenuTest -->
      <class name="com.salesforce.tests.Login.LoginTest">
        <test-method is-config="true" signature="initialSetUp(java.lang.String,java.lang.reflect.Method)[pri:0, instance:com.salesforce.tests.Login.LoginTest@4e928fbf]" started-at="2022-02-13T23:27:20 CST" name="initialSetUp" finished-at="2022-02-13T23:27:23 CST" duration-ms="3049" status="PASS">
          <params>
            <param index="0">
              <value>
                <![CDATA[chrome]]>
              </value>
            </param>
            <param index="1">
              <value>
                <![CDATA[public void com.salesforce.tests.Login.LoginTest.forgotPassword1() throws java.lang.InterruptedException]]>
              </value>
            </param>
          </params>
          <reporter-output>
          </reporter-output>
        </test-method> <!-- initialSetUp -->
        <test-method signature="forgotPassword1()[pri:0, instance:com.salesforce.tests.Login.LoginTest@4e928fbf]" started-at="2022-02-13T23:27:23 CST" name="forgotPassword1" finished-at="2022-02-13T23:27:24 CST" duration-ms="1127" status="PASS">
          <reporter-output>
          </reporter-output>
        </test-method> <!-- forgotPassword1 -->
        <test-method is-config="true" signature="tearDown(org.testng.ITestResult)[pri:0, instance:com.salesforce.tests.Login.LoginTest@4e928fbf]" started-at="2022-02-13T23:27:24 CST" name="tearDown" finished-at="2022-02-13T23:27:25 CST" duration-ms="798" status="PASS">
          <params>
            <param index="0">
              <value>
                <![CDATA[[TestResult name=forgotPassword1 status=SUCCESS method=LoginTest.forgotPassword1()[pri:0, instance:com.salesforce.tests.Login.LoginTest@4e928fbf] output={null}]]]>
              </value>
            </param>
          </params>
          <reporter-output>
          </reporter-output>
        </test-method> <!-- tearDown -->
        <test-method is-config="true" signature="initialSetUp(java.lang.String,java.lang.reflect.Method)[pri:0, instance:com.salesforce.tests.Login.LoginTest@4e928fbf]" started-at="2022-02-13T23:27:25 CST" name="initialSetUp" finished-at="2022-02-13T23:27:28 CST" duration-ms="2588" status="PASS">
          <params>
            <param index="0">
              <value>
                <![CDATA[chrome]]>
              </value>
            </param>
            <param index="1">
              <value>
                <![CDATA[public void com.salesforce.tests.Login.LoginTest.forgotPassword2() throws java.lang.InterruptedException]]>
              </value>
            </param>
          </params>
          <reporter-output>
          </reporter-output>
        </test-method> <!-- initialSetUp -->
        <test-method signature="forgotPassword2()[pri:0, instance:com.salesforce.tests.Login.LoginTest@4e928fbf]" started-at="2022-02-13T23:27:28 CST" name="forgotPassword2" finished-at="2022-02-13T23:27:30 CST" duration-ms="2556" status="PASS">
          <reporter-output>
          </reporter-output>
        </test-method> <!-- forgotPassword2 -->
        <test-method is-config="true" signature="tearDown(org.testng.ITestResult)[pri:0, instance:com.salesforce.tests.Login.LoginTest@4e928fbf]" started-at="2022-02-13T23:27:30 CST" name="tearDown" finished-at="2022-02-13T23:27:31 CST" duration-ms="790" status="PASS">
          <params>
            <param index="0">
              <value>
                <![CDATA[[TestResult name=forgotPassword2 status=SUCCESS method=LoginTest.forgotPassword2()[pri:0, instance:com.salesforce.tests.Login.LoginTest@4e928fbf] output={null}]]]>
              </value>
            </param>
          </params>
          <reporter-output>
          </reporter-output>
        </test-method> <!-- tearDown -->
        <test-method is-config="true" signature="initialSetUp(java.lang.String,java.lang.reflect.Method)[pri:0, instance:com.salesforce.tests.Login.LoginTest@4e928fbf]" started-at="2022-02-13T23:27:31 CST" name="initialSetUp" finished-at="2022-02-13T23:27:33 CST" duration-ms="2260" status="PASS">
          <params>
            <param index="0">
              <value>
                <![CDATA[chrome]]>
              </value>
            </param>
            <param index="1">
              <value>
                <![CDATA[public void com.salesforce.tests.Login.LoginTest.invalidLoginTest() throws java.lang.InterruptedException]]>
              </value>
            </param>
          </params>
          <reporter-output>
          </reporter-output>
        </test-method> <!-- initialSetUp -->
        <test-method signature="invalidLoginTest()[pri:0, instance:com.salesforce.tests.Login.LoginTest@4e928fbf]" started-at="2022-02-13T23:27:33 CST" name="invalidLoginTest" finished-at="2022-02-13T23:27:36 CST" duration-ms="2681" status="PASS">
          <reporter-output>
          </reporter-output>
        </test-method> <!-- invalidLoginTest -->
        <test-method is-config="true" signature="tearDown(org.testng.ITestResult)[pri:0, instance:com.salesforce.tests.Login.LoginTest@4e928fbf]" started-at="2022-02-13T23:27:36 CST" name="tearDown" finished-at="2022-02-13T23:27:37 CST" duration-ms="803" status="PASS">
          <params>
            <param index="0">
              <value>
                <![CDATA[[TestResult name=invalidLoginTest status=SUCCESS method=LoginTest.invalidLoginTest()[pri:0, instance:com.salesforce.tests.Login.LoginTest@4e928fbf] output={null}]]]>
              </value>
            </param>
          </params>
          <reporter-output>
          </reporter-output>
        </test-method> <!-- tearDown -->
        <test-method is-config="true" signature="initialSetUp(java.lang.String,java.lang.reflect.Method)[pri:0, instance:com.salesforce.tests.Login.LoginTest@4e928fbf]" started-at="2022-02-13T23:27:37 CST" name="initialSetUp" finished-at="2022-02-13T23:27:39 CST" duration-ms="2265" status="PASS">
          <params>
            <param index="0">
              <value>
                <![CDATA[chrome]]>
              </value>
            </param>
            <param index="1">
              <value>
                <![CDATA[public void com.salesforce.tests.Login.LoginTest.validLoginTest() throws java.lang.InterruptedException]]>
              </value>
            </param>
          </params>
          <reporter-output>
          </reporter-output>
        </test-method> <!-- initialSetUp -->
        <test-method signature="validLoginTest()[pri:0, instance:com.salesforce.tests.Login.LoginTest@4e928fbf]" started-at="2022-02-13T23:27:39 CST" name="validLoginTest" finished-at="2022-02-13T23:27:45 CST" duration-ms="6632" status="PASS">
          <reporter-output>
          </reporter-output>
        </test-method> <!-- validLoginTest -->
        <test-method is-config="true" signature="tearDown(org.testng.ITestResult)[pri:0, instance:com.salesforce.tests.Login.LoginTest@4e928fbf]" started-at="2022-02-13T23:27:45 CST" name="tearDown" finished-at="2022-02-13T23:27:46 CST" duration-ms="636" status="PASS">
          <params>
            <param index="0">
              <value>
                <![CDATA[[TestResult name=validLoginTest status=SUCCESS method=LoginTest.validLoginTest()[pri:0, instance:com.salesforce.tests.Login.LoginTest@4e928fbf] output={null}]]]>
              </value>
            </param>
          </params>
          <reporter-output>
          </reporter-output>
        </test-method> <!-- tearDown -->
        <test-method is-config="true" signature="initialSetUp(java.lang.String,java.lang.reflect.Method)[pri:0, instance:com.salesforce.tests.Login.LoginTest@4e928fbf]" started-at="2022-02-13T23:27:46 CST" name="initialSetUp" finished-at="2022-02-13T23:27:48 CST" duration-ms="2215" status="PASS">
          <params>
            <param index="0">
              <value>
                <![CDATA[chrome]]>
              </value>
            </param>
            <param index="1">
              <value>
                <![CDATA[public void com.salesforce.tests.Login.LoginTest.validRememberMe() throws java.lang.InterruptedException]]>
              </value>
            </param>
          </params>
          <reporter-output>
          </reporter-output>
        </test-method> <!-- initialSetUp -->
        <test-method signature="validRememberMe()[pri:0, instance:com.salesforce.tests.Login.LoginTest@4e928fbf]" started-at="2022-02-13T23:27:48 CST" name="validRememberMe" finished-at="2022-02-13T23:27:56 CST" duration-ms="7208" status="PASS">
          <reporter-output>
          </reporter-output>
        </test-method> <!-- validRememberMe -->
        <test-method is-config="true" signature="tearDown(org.testng.ITestResult)[pri:0, instance:com.salesforce.tests.Login.LoginTest@4e928fbf]" started-at="2022-02-13T23:27:56 CST" name="tearDown" finished-at="2022-02-13T23:27:56 CST" duration-ms="640" status="PASS">
          <params>
            <param index="0">
              <value>
                <![CDATA[[TestResult name=validRememberMe status=SUCCESS method=LoginTest.validRememberMe()[pri:0, instance:com.salesforce.tests.Login.LoginTest@4e928fbf] output={null}]]]>
              </value>
            </param>
          </params>
          <reporter-output>
          </reporter-output>
        </test-method> <!-- tearDown -->
      </class> <!-- com.salesforce.tests.Login.LoginTest -->
    </test> <!-- Chrome -->
    <test started-at="2022-02-13T23:29:39 CST" name="Firefox" finished-at="2022-02-13T23:37:06 CST" duration-ms="447563">
      <class name="com.salesforce.tests.CreateAcct.CreateAcctTest">
        <test-method is-config="true" signature="initialSetUp(java.lang.String,java.lang.reflect.Method)[pri:0, instance:com.salesforce.tests.CreateAcct.CreateAcctTest@4f704591]" started-at="2022-02-13T23:29:39 CST" name="initialSetUp" finished-at="2022-02-13T23:29:44 CST" duration-ms="5447" status="PASS">
          <params>
            <param index="0">
              <value>
                <![CDATA[firefox]]>
              </value>
            </param>
            <param index="1">
              <value>
                <![CDATA[public void com.salesforce.tests.CreateAcct.CreateAcctTest.createAccountReportTest() throws java.lang.InterruptedException]]>
              </value>
            </param>
          </params>
          <reporter-output>
          </reporter-output>
        </test-method> <!-- initialSetUp -->
        <test-method signature="createAccountReportTest()[pri:0, instance:com.salesforce.tests.CreateAcct.CreateAcctTest@4f704591]" started-at="2022-02-13T23:29:44 CST" name="createAccountReportTest" finished-at="2022-02-13T23:30:15 CST" duration-ms="31103" status="FAIL">
          <exception class="java.lang.AssertionError">
            <message>
              <![CDATA[expected [Work report ~ Salesforce - Developer Edition] but found [Unsaved Report ~ Salesforce - Developer Edition]]]>
            </message>
            <full-stacktrace>
              <![CDATA[java.lang.AssertionError: expected [Work report ~ Salesforce - Developer Edition] but found [Unsaved Report ~ Salesforce - Developer Edition]
at org.testng.Assert.fail(Assert.java:99)
at org.testng.Assert.failNotEquals(Assert.java:1037)
at org.testng.Assert.assertEqualsImpl(Assert.java:140)
at org.testng.Assert.assertEquals(Assert.java:122)
at org.testng.Assert.assertEquals(Assert.java:629)
at org.testng.Assert.assertEquals(Assert.java:639)
at com.salesforce.tests.CreateAcct.CreateAcctTest.createAccountReportTest(CreateAcctTest.java:161)
at java.base/jdk.internal.reflect.NativeMethodAccessorImpl.invoke0(Native Method)
at java.base/jdk.internal.reflect.NativeMethodAccessorImpl.invoke(NativeMethodAccessorImpl.java:62)
at java.base/jdk.internal.reflect.DelegatingMethodAccessorImpl.invoke(DelegatingMethodAccessorImpl.java:43)
at java.base/java.lang.reflect.Method.invoke(Method.java:564)
at org.testng.internal.MethodInvocationHelper.invokeMethod(MethodInvocationHelper.java:133)
at org.testng.internal.TestInvoker.invokeMethod(TestInvoker.java:598)
at org.testng.internal.TestInvoker.invokeTestMethod(TestInvoker.java:173)
at org.testng.internal.MethodRunner.runInSequence(MethodRunner.java:46)
at org.testng.internal.TestInvoker$MethodInvocationAgent.invoke(TestInvoker.java:824)
at org.testng.internal.TestInvoker.invokeTestMethods(TestInvoker.java:146)
at org.testng.internal.TestMethodWorker.invokeTestMethods(TestMethodWorker.java:146)
at org.testng.internal.TestMethodWorker.run(TestMethodWorker.java:128)
at java.base/java.util.ArrayList.forEach(ArrayList.java:1511)
at org.testng.TestRunner.privateRun(TestRunner.java:794)
at org.testng.TestRunner.run(TestRunner.java:596)
at org.testng.SuiteRunner.runTest(SuiteRunner.java:377)
at org.testng.SuiteRunner.runSequentially(SuiteRunner.java:371)
at org.testng.SuiteRunner.privateRun(SuiteRunner.java:332)
at org.testng.SuiteRunner.run(SuiteRunner.java:276)
at org.testng.SuiteRunnerWorker.runSuite(SuiteRunnerWorker.java:53)
at org.testng.SuiteRunnerWorker.run(SuiteRunnerWorker.java:96)
at org.testng.TestNG.runSuitesSequentially(TestNG.java:1212)
at org.testng.TestNG.runSuitesLocally(TestNG.java:1134)
at org.testng.TestNG.runSuites(TestNG.java:1063)
at org.testng.TestNG.run(TestNG.java:1031)
at org.testng.remote.AbstractRemoteTestNG.run(AbstractRemoteTestNG.java:115)
at org.testng.remote.RemoteTestNG.initAndRun(RemoteTestNG.java:251)
at org.testng.remote.RemoteTestNG.main(RemoteTestNG.java:77)
]]>
            </full-stacktrace>
          </exception> <!-- java.lang.AssertionError -->
          <reporter-output>
          </reporter-output>
        </test-method> <!-- createAccountReportTest -->
        <test-method is-config="true" signature="tearDown(org.testng.ITestResult)[pri:0, instance:com.salesforce.tests.CreateAcct.CreateAcctTest@4f704591]" started-at="2022-02-13T23:30:15 CST" name="tearDown" finished-at="2022-02-13T23:30:16 CST" duration-ms="835" status="PASS">
          <params>
            <param index="0">
              <value>
                <![CDATA[[TestResult name=createAccountReportTest status=FAILURE method=CreateAcctTest.createAccountReportTest()[pri:0, instance:com.salesforce.tests.CreateAcct.CreateAcctTest@4f704591] output={null}]]]>
              </value>
            </param>
          </params>
          <reporter-output>
          </reporter-output>
        </test-method> <!-- tearDown -->
        <test-method is-config="true" signature="initialSetUp(java.lang.String,java.lang.reflect.Method)[pri:0, instance:com.salesforce.tests.CreateAcct.CreateAcctTest@4f704591]" started-at="2022-02-13T23:30:16 CST" name="initialSetUp" finished-at="2022-02-13T23:30:23 CST" duration-ms="7357" status="PASS">
          <params>
            <param index="0">
              <value>
                <![CDATA[firefox]]>
              </value>
            </param>
            <param index="1">
              <value>
                <![CDATA[public void com.salesforce.tests.CreateAcct.CreateAcctTest.createAccountTest() throws java.lang.InterruptedException]]>
              </value>
            </param>
          </params>
          <reporter-output>
          </reporter-output>
        </test-method> <!-- initialSetUp -->
        <test-method signature="createAccountTest()[pri:0, instance:com.salesforce.tests.CreateAcct.CreateAcctTest@4f704591]" started-at="2022-02-13T23:30:23 CST" name="createAccountTest" finished-at="2022-02-13T23:30:49 CST" duration-ms="25898" status="PASS">
          <reporter-output>
          </reporter-output>
        </test-method> <!-- createAccountTest -->
        <test-method is-config="true" signature="tearDown(org.testng.ITestResult)[pri:0, instance:com.salesforce.tests.CreateAcct.CreateAcctTest@4f704591]" started-at="2022-02-13T23:30:49 CST" name="tearDown" finished-at="2022-02-13T23:30:50 CST" duration-ms="789" status="PASS">
          <params>
            <param index="0">
              <value>
                <![CDATA[[TestResult name=createAccountTest status=SUCCESS method=CreateAcctTest.createAccountTest()[pri:0, instance:com.salesforce.tests.CreateAcct.CreateAcctTest@4f704591] output={null}]]]>
              </value>
            </param>
          </params>
          <reporter-output>
          </reporter-output>
        </test-method> <!-- tearDown -->
        <test-method is-config="true" signature="initialSetUp(java.lang.String,java.lang.reflect.Method)[pri:0, instance:com.salesforce.tests.CreateAcct.CreateAcctTest@4f704591]" started-at="2022-02-13T23:30:50 CST" name="initialSetUp" finished-at="2022-02-13T23:30:57 CST" duration-ms="6599" status="PASS">
          <params>
            <param index="0">
              <value>
                <![CDATA[firefox]]>
              </value>
            </param>
            <param index="1">
              <value>
                <![CDATA[public void com.salesforce.tests.CreateAcct.CreateAcctTest.createEditViewTest() throws java.lang.InterruptedException]]>
              </value>
            </param>
          </params>
          <reporter-output>
          </reporter-output>
        </test-method> <!-- initialSetUp -->
        <test-method signature="createEditViewTest()[pri:0, instance:com.salesforce.tests.CreateAcct.CreateAcctTest@4f704591]" started-at="2022-02-13T23:30:57 CST" name="createEditViewTest" finished-at="2022-02-13T23:31:20 CST" duration-ms="23706" status="PASS">
          <reporter-output>
          </reporter-output>
        </test-method> <!-- createEditViewTest -->
        <test-method is-config="true" signature="tearDown(org.testng.ITestResult)[pri:0, instance:com.salesforce.tests.CreateAcct.CreateAcctTest@4f704591]" started-at="2022-02-13T23:31:20 CST" name="tearDown" finished-at="2022-02-13T23:31:21 CST" duration-ms="1135" status="PASS">
          <params>
            <param index="0">
              <value>
                <![CDATA[[TestResult name=createEditViewTest status=SUCCESS method=CreateAcctTest.createEditViewTest()[pri:0, instance:com.salesforce.tests.CreateAcct.CreateAcctTest@4f704591] output={null}]]]>
              </value>
            </param>
          </params>
          <reporter-output>
          </reporter-output>
        </test-method> <!-- tearDown -->
        <test-method is-config="true" signature="initialSetUp(java.lang.String,java.lang.reflect.Method)[pri:0, instance:com.salesforce.tests.CreateAcct.CreateAcctTest@4f704591]" started-at="2022-02-13T23:31:21 CST" name="initialSetUp" finished-at="2022-02-13T23:31:27 CST" duration-ms="5514" status="PASS">
          <params>
            <param index="0">
              <value>
                <![CDATA[firefox]]>
              </value>
            </param>
            <param index="1">
              <value>
                <![CDATA[public void com.salesforce.tests.CreateAcct.CreateAcctTest.createNewViewTest() throws java.lang.InterruptedException]]>
              </value>
            </param>
          </params>
          <reporter-output>
          </reporter-output>
        </test-method> <!-- initialSetUp -->
        <test-method signature="createNewViewTest()[pri:0, instance:com.salesforce.tests.CreateAcct.CreateAcctTest@4f704591]" started-at="2022-02-13T23:31:27 CST" name="createNewViewTest" finished-at="2022-02-13T23:31:55 CST" duration-ms="28323" status="PASS">
          <reporter-output>
          </reporter-output>
        </test-method> <!-- createNewViewTest -->
        <test-method is-config="true" signature="tearDown(org.testng.ITestResult)[pri:0, instance:com.salesforce.tests.CreateAcct.CreateAcctTest@4f704591]" started-at="2022-02-13T23:31:55 CST" name="tearDown" finished-at="2022-02-13T23:31:56 CST" duration-ms="904" status="PASS">
          <params>
            <param index="0">
              <value>
                <![CDATA[[TestResult name=createNewViewTest status=SUCCESS method=CreateAcctTest.createNewViewTest()[pri:0, instance:com.salesforce.tests.CreateAcct.CreateAcctTest@4f704591] output={null}]]]>
              </value>
            </param>
          </params>
          <reporter-output>
          </reporter-output>
        </test-method> <!-- tearDown -->
        <test-method is-config="true" signature="initialSetUp(java.lang.String,java.lang.reflect.Method)[pri:0, instance:com.salesforce.tests.CreateAcct.CreateAcctTest@4f704591]" started-at="2022-02-13T23:31:56 CST" name="initialSetUp" finished-at="2022-02-13T23:32:02 CST" duration-ms="5474" status="PASS">
          <params>
            <param index="0">
              <value>
                <![CDATA[firefox]]>
              </value>
            </param>
            <param index="1">
              <value>
                <![CDATA[public void com.salesforce.tests.CreateAcct.CreateAcctTest.mergeAccountsTest() throws java.lang.InterruptedException]]>
              </value>
            </param>
          </params>
          <reporter-output>
          </reporter-output>
        </test-method> <!-- initialSetUp -->
        <test-method signature="mergeAccountsTest()[pri:0, instance:com.salesforce.tests.CreateAcct.CreateAcctTest@4f704591]" started-at="2022-02-13T23:32:02 CST" name="mergeAccountsTest" finished-at="2022-02-13T23:32:28 CST" duration-ms="26395" status="PASS">
          <reporter-output>
          </reporter-output>
        </test-method> <!-- mergeAccountsTest -->
        <test-method is-config="true" signature="tearDown(org.testng.ITestResult)[pri:0, instance:com.salesforce.tests.CreateAcct.CreateAcctTest@4f704591]" started-at="2022-02-13T23:32:28 CST" name="tearDown" finished-at="2022-02-13T23:32:29 CST" duration-ms="880" status="PASS">
          <params>
            <param index="0">
              <value>
                <![CDATA[[TestResult name=mergeAccountsTest status=SUCCESS method=CreateAcctTest.mergeAccountsTest()[pri:0, instance:com.salesforce.tests.CreateAcct.CreateAcctTest@4f704591] output={null}]]]>
              </value>
            </param>
          </params>
          <reporter-output>
          </reporter-output>
        </test-method> <!-- tearDown -->
      </class> <!-- com.salesforce.tests.CreateAcct.CreateAcctTest -->
      <class name="com.salesforce.tests.CreateOpty.CreateOptyTest">
        <test-method is-config="true" signature="initialSetUp(java.lang.String,java.lang.reflect.Method)[pri:0, instance:com.salesforce.tests.CreateOpty.CreateOptyTest@4b5189ac]" started-at="2022-02-13T23:32:29 CST" name="initialSetUp" finished-at="2022-02-13T23:32:39 CST" duration-ms="9616" status="PASS">
          <params>
            <param index="0">
              <value>
                <![CDATA[firefox]]>
              </value>
            </param>
            <param index="1">
              <value>
                <![CDATA[public void com.salesforce.tests.CreateOpty.CreateOptyTest.createNewOptyTest() throws java.lang.InterruptedException]]>
              </value>
            </param>
          </params>
          <reporter-output>
          </reporter-output>
        </test-method> <!-- initialSetUp -->
        <test-method signature="createNewOptyTest()[pri:0, instance:com.salesforce.tests.CreateOpty.CreateOptyTest@4b5189ac]" started-at="2022-02-13T23:32:39 CST" name="createNewOptyTest" finished-at="2022-02-13T23:33:05 CST" duration-ms="26456" status="FAIL">
          <exception class="java.lang.AssertionError">
            <message>
              <![CDATA[expected [true] but found [false]]]>
            </message>
            <full-stacktrace>
              <![CDATA[java.lang.AssertionError: expected [true] but found [false]
at org.testng.Assert.fail(Assert.java:99)
at org.testng.Assert.failNotEquals(Assert.java:1037)
at org.testng.Assert.assertEqualsImpl(Assert.java:140)
at org.testng.Assert.assertEquals(Assert.java:122)
at org.testng.Assert.assertEquals(Assert.java:819)
at org.testng.Assert.assertEquals(Assert.java:829)
at com.salesforce.tests.CreateOpty.CreateOptyTest.createNewOptyTest(CreateOptyTest.java:70)
at java.base/jdk.internal.reflect.NativeMethodAccessorImpl.invoke0(Native Method)
at java.base/jdk.internal.reflect.NativeMethodAccessorImpl.invoke(NativeMethodAccessorImpl.java:62)
at java.base/jdk.internal.reflect.DelegatingMethodAccessorImpl.invoke(DelegatingMethodAccessorImpl.java:43)
at java.base/java.lang.reflect.Method.invoke(Method.java:564)
at org.testng.internal.MethodInvocationHelper.invokeMethod(MethodInvocationHelper.java:133)
at org.testng.internal.TestInvoker.invokeMethod(TestInvoker.java:598)
at org.testng.internal.TestInvoker.invokeTestMethod(TestInvoker.java:173)
at org.testng.internal.MethodRunner.runInSequence(MethodRunner.java:46)
at org.testng.internal.TestInvoker$MethodInvocationAgent.invoke(TestInvoker.java:824)
at org.testng.internal.TestInvoker.invokeTestMethods(TestInvoker.java:146)
at org.testng.internal.TestMethodWorker.invokeTestMethods(TestMethodWorker.java:146)
at org.testng.internal.TestMethodWorker.run(TestMethodWorker.java:128)
at java.base/java.util.ArrayList.forEach(ArrayList.java:1511)
at org.testng.TestRunner.privateRun(TestRunner.java:794)
at org.testng.TestRunner.run(TestRunner.java:596)
at org.testng.SuiteRunner.runTest(SuiteRunner.java:377)
at org.testng.SuiteRunner.runSequentially(SuiteRunner.java:371)
at org.testng.SuiteRunner.privateRun(SuiteRunner.java:332)
at org.testng.SuiteRunner.run(SuiteRunner.java:276)
at org.testng.SuiteRunnerWorker.runSuite(SuiteRunnerWorker.java:53)
at org.testng.SuiteRunnerWorker.run(SuiteRunnerWorker.java:96)
at org.testng.TestNG.runSuitesSequentially(TestNG.java:1212)
at org.testng.TestNG.runSuitesLocally(TestNG.java:1134)
at org.testng.TestNG.runSuites(TestNG.java:1063)
at org.testng.TestNG.run(TestNG.java:1031)
at org.testng.remote.AbstractRemoteTestNG.run(AbstractRemoteTestNG.java:115)
at org.testng.remote.RemoteTestNG.initAndRun(RemoteTestNG.java:251)
at org.testng.remote.RemoteTestNG.main(RemoteTestNG.java:77)
]]>
            </full-stacktrace>
          </exception> <!-- java.lang.AssertionError -->
          <reporter-output>
          </reporter-output>
        </test-method> <!-- createNewOptyTest -->
        <test-method is-config="true" signature="tearDown(org.testng.ITestResult)[pri:0, instance:com.salesforce.tests.CreateOpty.CreateOptyTest@4b5189ac]" started-at="2022-02-13T23:33:05 CST" name="tearDown" finished-at="2022-02-13T23:33:06 CST" duration-ms="1038" status="PASS">
          <params>
            <param index="0">
              <value>
                <![CDATA[[TestResult name=createNewOptyTest status=FAILURE method=CreateOptyTest.createNewOptyTest()[pri:0, instance:com.salesforce.tests.CreateOpty.CreateOptyTest@4b5189ac] output={null}]]]>
              </value>
            </param>
          </params>
          <reporter-output>
          </reporter-output>
        </test-method> <!-- tearDown -->
        <test-method is-config="true" signature="initialSetUp(java.lang.String,java.lang.reflect.Method)[pri:0, instance:com.salesforce.tests.CreateOpty.CreateOptyTest@4b5189ac]" started-at="2022-02-13T23:33:06 CST" name="initialSetUp" finished-at="2022-02-13T23:33:13 CST" duration-ms="7007" status="PASS">
          <params>
            <param index="0">
              <value>
                <![CDATA[firefox]]>
              </value>
            </param>
            <param index="1">
              <value>
                <![CDATA[public void com.salesforce.tests.CreateOpty.CreateOptyTest.optyPipelineReportTest() throws java.lang.InterruptedException]]>
              </value>
            </param>
          </params>
          <reporter-output>
          </reporter-output>
        </test-method> <!-- initialSetUp -->
        <test-method signature="optyPipelineReportTest()[pri:0, instance:com.salesforce.tests.CreateOpty.CreateOptyTest@4b5189ac]" started-at="2022-02-13T23:33:13 CST" name="optyPipelineReportTest" finished-at="2022-02-13T23:33:35 CST" duration-ms="21734" status="PASS">
          <reporter-output>
          </reporter-output>
        </test-method> <!-- optyPipelineReportTest -->
        <test-method is-config="true" signature="tearDown(org.testng.ITestResult)[pri:0, instance:com.salesforce.tests.CreateOpty.CreateOptyTest@4b5189ac]" started-at="2022-02-13T23:33:35 CST" name="tearDown" finished-at="2022-02-13T23:33:36 CST" duration-ms="896" status="PASS">
          <params>
            <param index="0">
              <value>
                <![CDATA[[TestResult name=optyPipelineReportTest status=SUCCESS method=CreateOptyTest.optyPipelineReportTest()[pri:0, instance:com.salesforce.tests.CreateOpty.CreateOptyTest@4b5189ac] output={null}]]]>
              </value>
            </param>
          </params>
          <reporter-output>
          </reporter-output>
        </test-method> <!-- tearDown -->
        <test-method is-config="true" signature="initialSetUp(java.lang.String,java.lang.reflect.Method)[pri:0, instance:com.salesforce.tests.CreateOpty.CreateOptyTest@4b5189ac]" started-at="2022-02-13T23:33:36 CST" name="initialSetUp" finished-at="2022-02-13T23:33:41 CST" duration-ms="5728" status="PASS">
          <params>
            <param index="0">
              <value>
                <![CDATA[firefox]]>
              </value>
            </param>
            <param index="1">
              <value>
                <![CDATA[public void com.salesforce.tests.CreateOpty.CreateOptyTest.quarterlySummaryReportTest() throws java.lang.InterruptedException]]>
              </value>
            </param>
          </params>
          <reporter-output>
          </reporter-output>
        </test-method> <!-- initialSetUp -->
        <test-method signature="quarterlySummaryReportTest()[pri:0, instance:com.salesforce.tests.CreateOpty.CreateOptyTest@4b5189ac]" started-at="2022-02-13T23:33:41 CST" name="quarterlySummaryReportTest" finished-at="2022-02-13T23:34:00 CST" duration-ms="18521" status="PASS">
          <reporter-output>
          </reporter-output>
        </test-method> <!-- quarterlySummaryReportTest -->
        <test-method is-config="true" signature="tearDown(org.testng.ITestResult)[pri:0, instance:com.salesforce.tests.CreateOpty.CreateOptyTest@4b5189ac]" started-at="2022-02-13T23:34:00 CST" name="tearDown" finished-at="2022-02-13T23:34:01 CST" duration-ms="878" status="PASS">
          <params>
            <param index="0">
              <value>
                <![CDATA[[TestResult name=quarterlySummaryReportTest status=SUCCESS method=CreateOptyTest.quarterlySummaryReportTest()[pri:0, instance:com.salesforce.tests.CreateOpty.CreateOptyTest@4b5189ac] output={null}]]]>
              </value>
            </param>
          </params>
          <reporter-output>
          </reporter-output>
        </test-method> <!-- tearDown -->
        <test-method is-config="true" signature="initialSetUp(java.lang.String,java.lang.reflect.Method)[pri:0, instance:com.salesforce.tests.CreateOpty.CreateOptyTest@4b5189ac]" started-at="2022-02-13T23:34:01 CST" name="initialSetUp" finished-at="2022-02-13T23:34:08 CST" duration-ms="7330" status="PASS">
          <params>
            <param index="0">
              <value>
                <![CDATA[firefox]]>
              </value>
            </param>
            <param index="1">
              <value>
                <![CDATA[public void com.salesforce.tests.CreateOpty.CreateOptyTest.stuckOptyReportTest() throws java.lang.InterruptedException]]>
              </value>
            </param>
          </params>
          <reporter-output>
          </reporter-output>
        </test-method> <!-- initialSetUp -->
        <test-method signature="stuckOptyReportTest()[pri:0, instance:com.salesforce.tests.CreateOpty.CreateOptyTest@4b5189ac]" started-at="2022-02-13T23:34:08 CST" name="stuckOptyReportTest" finished-at="2022-02-13T23:34:34 CST" duration-ms="25833" status="PASS">
          <reporter-output>
          </reporter-output>
        </test-method> <!-- stuckOptyReportTest -->
        <test-method is-config="true" signature="tearDown(org.testng.ITestResult)[pri:0, instance:com.salesforce.tests.CreateOpty.CreateOptyTest@4b5189ac]" started-at="2022-02-13T23:34:34 CST" name="tearDown" finished-at="2022-02-13T23:34:35 CST" duration-ms="814" status="PASS">
          <params>
            <param index="0">
              <value>
                <![CDATA[[TestResult name=stuckOptyReportTest status=SUCCESS method=CreateOptyTest.stuckOptyReportTest()[pri:0, instance:com.salesforce.tests.CreateOpty.CreateOptyTest@4b5189ac] output={null}]]]>
              </value>
            </param>
          </params>
          <reporter-output>
          </reporter-output>
        </test-method> <!-- tearDown -->
      </class> <!-- com.salesforce.tests.CreateOpty.CreateOptyTest -->
      <class name="com.salesforce.tests.Leads.LeadsTest">
        <test-method is-config="true" signature="initialSetUp(java.lang.String,java.lang.reflect.Method)[pri:0, instance:com.salesforce.tests.Leads.LeadsTest@1e4d3ce5]" started-at="2022-02-13T23:34:35 CST" name="initialSetUp" finished-at="2022-02-13T23:34:40 CST" duration-ms="5587" status="PASS">
          <params>
            <param index="0">
              <value>
                <![CDATA[firefox]]>
              </value>
            </param>
            <param index="1">
              <value>
                <![CDATA[public void com.salesforce.tests.Leads.LeadsTest.functOfGoBtnTest() throws java.lang.InterruptedException]]>
              </value>
            </param>
          </params>
          <reporter-output>
          </reporter-output>
        </test-method> <!-- initialSetUp -->
        <test-method signature="functOfGoBtnTest()[pri:0, instance:com.salesforce.tests.Leads.LeadsTest@1e4d3ce5]" started-at="2022-02-13T23:34:40 CST" name="functOfGoBtnTest" finished-at="2022-02-13T23:35:11 CST" duration-ms="30439" status="PASS">
          <reporter-output>
          </reporter-output>
        </test-method> <!-- functOfGoBtnTest -->
        <test-method is-config="true" signature="tearDown(org.testng.ITestResult)[pri:0, instance:com.salesforce.tests.Leads.LeadsTest@1e4d3ce5]" started-at="2022-02-13T23:35:11 CST" name="tearDown" finished-at="2022-02-13T23:35:12 CST" duration-ms="807" status="PASS">
          <params>
            <param index="0">
              <value>
                <![CDATA[[TestResult name=functOfGoBtnTest status=SUCCESS method=LeadsTest.functOfGoBtnTest()[pri:0, instance:com.salesforce.tests.Leads.LeadsTest@1e4d3ce5] output={null}]]]>
              </value>
            </param>
          </params>
          <reporter-output>
          </reporter-output>
        </test-method> <!-- tearDown -->
        <test-method is-config="true" signature="initialSetUp(java.lang.String,java.lang.reflect.Method)[pri:0, instance:com.salesforce.tests.Leads.LeadsTest@1e4d3ce5]" started-at="2022-02-13T23:35:12 CST" name="initialSetUp" finished-at="2022-02-13T23:35:17 CST" duration-ms="5711" status="PASS">
          <params>
            <param index="0">
              <value>
                <![CDATA[firefox]]>
              </value>
            </param>
            <param index="1">
              <value>
                <![CDATA[public void com.salesforce.tests.Leads.LeadsTest.leadsSelectViewTest() throws java.lang.InterruptedException]]>
              </value>
            </param>
          </params>
          <reporter-output>
          </reporter-output>
        </test-method> <!-- initialSetUp -->
        <test-method signature="leadsSelectViewTest()[pri:0, instance:com.salesforce.tests.Leads.LeadsTest@1e4d3ce5]" started-at="2022-02-13T23:35:17 CST" name="leadsSelectViewTest" finished-at="2022-02-13T23:35:37 CST" duration-ms="19534" status="PASS">
          <reporter-output>
          </reporter-output>
        </test-method> <!-- leadsSelectViewTest -->
        <test-method is-config="true" signature="tearDown(org.testng.ITestResult)[pri:0, instance:com.salesforce.tests.Leads.LeadsTest@1e4d3ce5]" started-at="2022-02-13T23:35:37 CST" name="tearDown" finished-at="2022-02-13T23:35:38 CST" duration-ms="658" status="PASS">
          <params>
            <param index="0">
              <value>
                <![CDATA[[TestResult name=leadsSelectViewTest status=SUCCESS method=LeadsTest.leadsSelectViewTest()[pri:0, instance:com.salesforce.tests.Leads.LeadsTest@1e4d3ce5] output={null}]]]>
              </value>
            </param>
          </params>
          <reporter-output>
          </reporter-output>
        </test-method> <!-- tearDown -->
        <test-method is-config="true" signature="initialSetUp(java.lang.String,java.lang.reflect.Method)[pri:0, instance:com.salesforce.tests.Leads.LeadsTest@1e4d3ce5]" started-at="2022-02-13T23:35:38 CST" name="initialSetUp" finished-at="2022-02-13T23:35:43 CST" duration-ms="5430" status="PASS">
          <params>
            <param index="0">
              <value>
                <![CDATA[firefox]]>
              </value>
            </param>
            <param index="1">
              <value>
                <![CDATA[public void com.salesforce.tests.Leads.LeadsTest.leadsTabTest() throws java.lang.InterruptedException]]>
              </value>
            </param>
          </params>
          <reporter-output>
          </reporter-output>
        </test-method> <!-- initialSetUp -->
        <test-method signature="leadsTabTest()[pri:0, instance:com.salesforce.tests.Leads.LeadsTest@1e4d3ce5]" started-at="2022-02-13T23:35:43 CST" name="leadsTabTest" finished-at="2022-02-13T23:36:04 CST" duration-ms="21536" status="PASS">
          <reporter-output>
          </reporter-output>
        </test-method> <!-- leadsTabTest -->
        <test-method is-config="true" signature="tearDown(org.testng.ITestResult)[pri:0, instance:com.salesforce.tests.Leads.LeadsTest@1e4d3ce5]" started-at="2022-02-13T23:36:04 CST" name="tearDown" finished-at="2022-02-13T23:36:05 CST" duration-ms="809" status="PASS">
          <params>
            <param index="0">
              <value>
                <![CDATA[[TestResult name=leadsTabTest status=SUCCESS method=LeadsTest.leadsTabTest()[pri:0, instance:com.salesforce.tests.Leads.LeadsTest@1e4d3ce5] output={null}]]]>
              </value>
            </param>
          </params>
          <reporter-output>
          </reporter-output>
        </test-method> <!-- tearDown -->
        <test-method is-config="true" signature="initialSetUp(java.lang.String,java.lang.reflect.Method)[pri:0, instance:com.salesforce.tests.Leads.LeadsTest@1e4d3ce5]" started-at="2022-02-13T23:36:05 CST" name="initialSetUp" finished-at="2022-02-13T23:36:11 CST" duration-ms="5834" status="PASS">
          <params>
            <param index="0">
              <value>
                <![CDATA[firefox]]>
              </value>
            </param>
            <param index="1">
              <value>
                <![CDATA[public void com.salesforce.tests.Leads.LeadsTest.newBtnLeadsHomeTest() throws java.lang.InterruptedException]]>
              </value>
            </param>
          </params>
          <reporter-output>
          </reporter-output>
        </test-method> <!-- initialSetUp -->
        <test-method signature="newBtnLeadsHomeTest()[pri:0, instance:com.salesforce.tests.Leads.LeadsTest@1e4d3ce5]" started-at="2022-02-13T23:36:11 CST" name="newBtnLeadsHomeTest" finished-at="2022-02-13T23:36:36 CST" duration-ms="25027" status="PASS">
          <reporter-output>
          </reporter-output>
        </test-method> <!-- newBtnLeadsHomeTest -->
        <test-method is-config="true" signature="tearDown(org.testng.ITestResult)[pri:0, instance:com.salesforce.tests.Leads.LeadsTest@1e4d3ce5]" started-at="2022-02-13T23:36:36 CST" name="tearDown" finished-at="2022-02-13T23:36:37 CST" duration-ms="910" status="PASS">
          <params>
            <param index="0">
              <value>
                <![CDATA[[TestResult name=newBtnLeadsHomeTest status=SUCCESS method=LeadsTest.newBtnLeadsHomeTest()[pri:0, instance:com.salesforce.tests.Leads.LeadsTest@1e4d3ce5] output={null}]]]>
              </value>
            </param>
          </params>
          <reporter-output>
          </reporter-output>
        </test-method> <!-- tearDown -->
        <test-method is-config="true" signature="initialSetUp(java.lang.String,java.lang.reflect.Method)[pri:0, instance:com.salesforce.tests.Leads.LeadsTest@1e4d3ce5]" started-at="2022-02-13T23:36:37 CST" name="initialSetUp" finished-at="2022-02-13T23:36:42 CST" duration-ms="5360" status="PASS">
          <params>
            <param index="0">
              <value>
                <![CDATA[firefox]]>
              </value>
            </param>
            <param index="1">
              <value>
                <![CDATA[public void com.salesforce.tests.Leads.LeadsTest.todaysLeadsTest() throws java.lang.InterruptedException]]>
              </value>
            </param>
          </params>
          <reporter-output>
          </reporter-output>
        </test-method> <!-- initialSetUp -->
        <test-method signature="todaysLeadsTest()[pri:0, instance:com.salesforce.tests.Leads.LeadsTest@1e4d3ce5]" started-at="2022-02-13T23:36:42 CST" name="todaysLeadsTest" finished-at="2022-02-13T23:37:05 CST" duration-ms="23018" status="PASS">
          <reporter-output>
          </reporter-output>
        </test-method> <!-- todaysLeadsTest -->
        <test-method is-config="true" signature="tearDown(org.testng.ITestResult)[pri:0, instance:com.salesforce.tests.Leads.LeadsTest@1e4d3ce5]" started-at="2022-02-13T23:37:05 CST" name="tearDown" finished-at="2022-02-13T23:37:06 CST" duration-ms="677" status="PASS">
          <params>
            <param index="0">
              <value>
                <![CDATA[[TestResult name=todaysLeadsTest status=SUCCESS method=LeadsTest.todaysLeadsTest()[pri:0, instance:com.salesforce.tests.Leads.LeadsTest@1e4d3ce5] output={null}]]]>
              </value>
            </param>
          </params>
          <reporter-output>
          </reporter-output>
        </test-method> <!-- tearDown -->
      </class> <!-- com.salesforce.tests.Leads.LeadsTest -->
    </test> <!-- Firefox -->
    <test started-at="2022-02-13T23:37:06 CST" name="Edge" finished-at="2022-02-13T23:44:03 CST" duration-ms="416986">
      <class name="com.salesforce.tests.Contacts.ContactsTest">
        <test-method is-config="true" signature="setUp()[pri:0, instance:com.salesforce.tests.Contacts.ContactsTest@1187c9e8]" started-at="2022-02-13T23:27:20 CST" name="setUp" finished-at="2022-02-13T23:27:20 CST" duration-ms="103" status="PASS">
          <reporter-output>
          </reporter-output>
        </test-method> <!-- setUp -->
        <test-method is-config="true" signature="initialSetUp(java.lang.String,java.lang.reflect.Method)[pri:0, instance:com.salesforce.tests.Contacts.ContactsTest@1187c9e8]" started-at="2022-02-13T23:37:06 CST" name="initialSetUp" finished-at="2022-02-13T23:37:12 CST" duration-ms="5409" status="PASS">
          <params>
            <param index="0">
              <value>
                <![CDATA[edge]]>
              </value>
            </param>
            <param index="1">
              <value>
                <![CDATA[public void com.salesforce.tests.Contacts.ContactsTest.cancelBtnInCreateNewViewTest() throws java.lang.InterruptedException]]>
              </value>
            </param>
          </params>
          <reporter-output>
          </reporter-output>
        </test-method> <!-- initialSetUp -->
        <test-method signature="cancelBtnInCreateNewViewTest()[pri:0, instance:com.salesforce.tests.Contacts.ContactsTest@1187c9e8]" started-at="2022-02-13T23:37:12 CST" name="cancelBtnInCreateNewViewTest" finished-at="2022-02-13T23:37:32 CST" duration-ms="20315" status="PASS">
          <reporter-output>
          </reporter-output>
        </test-method> <!-- cancelBtnInCreateNewViewTest -->
        <test-method is-config="true" signature="tearDown(org.testng.ITestResult)[pri:0, instance:com.salesforce.tests.Contacts.ContactsTest@1187c9e8]" started-at="2022-02-13T23:37:32 CST" name="tearDown" finished-at="2022-02-13T23:37:33 CST" duration-ms="727" status="PASS">
          <params>
            <param index="0">
              <value>
                <![CDATA[[TestResult name=cancelBtnInCreateNewViewTest status=SUCCESS method=ContactsTest.cancelBtnInCreateNewViewTest()[pri:0, instance:com.salesforce.tests.Contacts.ContactsTest@1187c9e8] output={null}]]]>
              </value>
            </param>
          </params>
          <reporter-output>
          </reporter-output>
        </test-method> <!-- tearDown -->
        <test-method is-config="true" signature="initialSetUp(java.lang.String,java.lang.reflect.Method)[pri:0, instance:com.salesforce.tests.Contacts.ContactsTest@1187c9e8]" started-at="2022-02-13T23:37:33 CST" name="initialSetUp" finished-at="2022-02-13T23:37:36 CST" duration-ms="3508" status="PASS">
          <params>
            <param index="0">
              <value>
                <![CDATA[edge]]>
              </value>
            </param>
            <param index="1">
              <value>
                <![CDATA[public void com.salesforce.tests.Contacts.ContactsTest.checkMyContactViewTest() throws java.lang.InterruptedException]]>
              </value>
            </param>
          </params>
          <reporter-output>
          </reporter-output>
        </test-method> <!-- initialSetUp -->
        <test-method signature="checkMyContactViewTest()[pri:0, instance:com.salesforce.tests.Contacts.ContactsTest@1187c9e8]" started-at="2022-02-13T23:37:36 CST" name="checkMyContactViewTest" finished-at="2022-02-13T23:38:22 CST" duration-ms="45923" status="FAIL">
          <exception class="org.openqa.selenium.NoSuchElementException">
            <message>
              <![CDATA[no such element: Unable to locate element: {"method":"css selector","selector":"#fcf"}
  (Session info: MicrosoftEdge=98.0.1108.50)
For documentation on this error, please visit: http://seleniumhq.org/exceptions/no_such_element.html
Build info: version: '3.141.5', revision: 'd54ebd709a', time: '2018-11-06T11:42:16'
System info: host: 'DOCTOR-BUTTONS', ip: '192.168.11.34', os.name: 'Windows 10', os.arch: 'amd64', os.version: '10.0', java.version: '14.0.2'
Driver info: org.openqa.selenium.edge.EdgeDriver
Capabilities {acceptInsecureCerts: false, browserName: msedge, browserVersion: 98.0.1108.50, javascriptEnabled: true, ms:edgeOptions: {debuggerAddress: localhost:52942}, msedge: {msedgedriverVersion: 98.0.1108.50 (4203d3deac4b8..., userDataDir: C:\Users\synco\AppData\Loca...}, networkConnectionEnabled: false, pageLoadStrategy: normal, platform: WINDOWS, platformName: WINDOWS, proxy: Proxy(), setWindowRect: true, strictFileInteractability: false, timeouts: {implicit: 0, pageLoad: 300000, script: 30000}, unhandledPromptBehavior: dismiss and notify, webauthn:extension:credBlob: true, webauthn:extension:largeBlob: true, webauthn:virtualAuthenticators: true}
Session ID: d6f51dccad4bf8ae0d613086b37c77dd
*** Element info: {Using=css selector, value=#fcf}]]>
            </message>
            <full-stacktrace>
              <![CDATA[org.openqa.selenium.NoSuchElementException: no such element: Unable to locate element: {"method":"css selector","selector":"#fcf"}
  (Session info: MicrosoftEdge=98.0.1108.50)
For documentation on this error, please visit: http://seleniumhq.org/exceptions/no_such_element.html
Build info: version: '3.141.5', revision: 'd54ebd709a', time: '2018-11-06T11:42:16'
System info: host: 'DOCTOR-BUTTONS', ip: '192.168.11.34', os.name: 'Windows 10', os.arch: 'amd64', os.version: '10.0', java.version: '14.0.2'
Driver info: org.openqa.selenium.edge.EdgeDriver
Capabilities {acceptInsecureCerts: false, browserName: msedge, browserVersion: 98.0.1108.50, javascriptEnabled: true, ms:edgeOptions: {debuggerAddress: localhost:52942}, msedge: {msedgedriverVersion: 98.0.1108.50 (4203d3deac4b8..., userDataDir: C:\Users\synco\AppData\Loca...}, networkConnectionEnabled: false, pageLoadStrategy: normal, platform: WINDOWS, platformName: WINDOWS, proxy: Proxy(), setWindowRect: true, strictFileInteractability: false, timeouts: {implicit: 0, pageLoad: 300000, script: 30000}, unhandledPromptBehavior: dismiss and notify, webauthn:extension:credBlob: true, webauthn:extension:largeBlob: true, webauthn:virtualAuthenticators: true}
Session ID: d6f51dccad4bf8ae0d613086b37c77dd
*** Element info: {Using=css selector, value=#fcf}
at java.base/jdk.internal.reflect.NativeConstructorAccessorImpl.newInstance0(Native Method)
at java.base/jdk.internal.reflect.NativeConstructorAccessorImpl.newInstance(NativeConstructorAccessorImpl.java:62)
at java.base/jdk.internal.reflect.DelegatingConstructorAccessorImpl.newInstance(DelegatingConstructorAccessorImpl.java:45)
at java.base/java.lang.reflect.Constructor.newInstanceWithCaller(Constructor.java:500)
at java.base/java.lang.reflect.Constructor.newInstance(Constructor.java:481)
at org.openqa.selenium.remote.http.W3CHttpResponseCodec.createException(W3CHttpResponseCodec.java:187)
at org.openqa.selenium.remote.http.W3CHttpResponseCodec.decode(W3CHttpResponseCodec.java:122)
at org.openqa.selenium.remote.http.W3CHttpResponseCodec.decode(W3CHttpResponseCodec.java:49)
at org.openqa.selenium.remote.HttpCommandExecutor.execute(HttpCommandExecutor.java:158)
at org.openqa.selenium.remote.service.DriverCommandExecutor.execute(DriverCommandExecutor.java:83)
at org.openqa.selenium.remote.RemoteWebDriver.execute(RemoteWebDriver.java:552)
at org.openqa.selenium.remote.RemoteWebDriver.findElement(RemoteWebDriver.java:323)
at org.openqa.selenium.remote.RemoteWebDriver.findElementByCssSelector(RemoteWebDriver.java:420)
at org.openqa.selenium.By$ByCssSelector.findElement(By.java:431)
at org.openqa.selenium.remote.RemoteWebDriver.findElement(RemoteWebDriver.java:315)
at com.salesforce.tests.Contacts.ContactsTest.checkMyContactViewTest(ContactsTest.java:112)
at java.base/jdk.internal.reflect.NativeMethodAccessorImpl.invoke0(Native Method)
at java.base/jdk.internal.reflect.NativeMethodAccessorImpl.invoke(NativeMethodAccessorImpl.java:62)
at java.base/jdk.internal.reflect.DelegatingMethodAccessorImpl.invoke(DelegatingMethodAccessorImpl.java:43)
at java.base/java.lang.reflect.Method.invoke(Method.java:564)
at org.testng.internal.MethodInvocationHelper.invokeMethod(MethodInvocationHelper.java:133)
at org.testng.internal.TestInvoker.invokeMethod(TestInvoker.java:598)
at org.testng.internal.TestInvoker.invokeTestMethod(TestInvoker.java:173)
at org.testng.internal.MethodRunner.runInSequence(MethodRunner.java:46)
at org.testng.internal.TestInvoker$MethodInvocationAgent.invoke(TestInvoker.java:824)
at org.testng.internal.TestInvoker.invokeTestMethods(TestInvoker.java:146)
at org.testng.internal.TestMethodWorker.invokeTestMethods(TestMethodWorker.java:146)
at org.testng.internal.TestMethodWorker.run(TestMethodWorker.java:128)
at java.base/java.util.ArrayList.forEach(ArrayList.java:1511)
at org.testng.TestRunner.privateRun(TestRunner.java:794)
at org.testng.TestRunner.run(TestRunner.java:596)
at org.testng.SuiteRunner.runTest(SuiteRunner.java:377)
at org.testng.SuiteRunner.runSequentially(SuiteRunner.java:371)
at org.testng.SuiteRunner.privateRun(SuiteRunner.java:332)
at org.testng.SuiteRunner.run(SuiteRunner.java:276)
at org.testng.SuiteRunnerWorker.runSuite(SuiteRunnerWorker.java:53)
at org.testng.SuiteRunnerWorker.run(SuiteRunnerWorker.java:96)
at org.testng.TestNG.runSuitesSequentially(TestNG.java:1212)
at org.testng.TestNG.runSuitesLocally(TestNG.java:1134)
at org.testng.TestNG.runSuites(TestNG.java:1063)
at org.testng.TestNG.run(TestNG.java:1031)
at org.testng.remote.AbstractRemoteTestNG.run(AbstractRemoteTestNG.java:115)
at org.testng.remote.RemoteTestNG.initAndRun(RemoteTestNG.java:251)
at org.testng.remote.RemoteTestNG.main(RemoteTestNG.java:77)
]]>
            </full-stacktrace>
          </exception> <!-- org.openqa.selenium.NoSuchElementException -->
          <reporter-output>
          </reporter-output>
        </test-method> <!-- checkMyContactViewTest -->
        <test-method is-config="true" signature="tearDown(org.testng.ITestResult)[pri:0, instance:com.salesforce.tests.Contacts.ContactsTest@1187c9e8]" started-at="2022-02-13T23:38:22 CST" name="tearDown" finished-at="2022-02-13T23:38:23 CST" duration-ms="1141" status="PASS">
          <params>
            <param index="0">
              <value>
                <![CDATA[[TestResult name=checkMyContactViewTest status=FAILURE method=ContactsTest.checkMyContactViewTest()[pri:0, instance:com.salesforce.tests.Contacts.ContactsTest@1187c9e8] output={null}]]]>
              </value>
            </param>
          </params>
          <reporter-output>
          </reporter-output>
        </test-method> <!-- tearDown -->
        <test-method is-config="true" signature="initialSetUp(java.lang.String,java.lang.reflect.Method)[pri:0, instance:com.salesforce.tests.Contacts.ContactsTest@1187c9e8]" started-at="2022-02-13T23:38:23 CST" name="initialSetUp" finished-at="2022-02-13T23:38:27 CST" duration-ms="4047" status="PASS">
          <params>
            <param index="0">
              <value>
                <![CDATA[edge]]>
              </value>
            </param>
            <param index="1">
              <value>
                <![CDATA[public void com.salesforce.tests.Contacts.ContactsTest.checkRecentlyCreatedContactTest() throws java.lang.InterruptedException]]>
              </value>
            </param>
          </params>
          <reporter-output>
          </reporter-output>
        </test-method> <!-- initialSetUp -->
        <test-method signature="checkRecentlyCreatedContactTest()[pri:0, instance:com.salesforce.tests.Contacts.ContactsTest@1187c9e8]" started-at="2022-02-13T23:38:27 CST" name="checkRecentlyCreatedContactTest" finished-at="2022-02-13T23:38:44 CST" duration-ms="16842" status="PASS">
          <reporter-output>
          </reporter-output>
        </test-method> <!-- checkRecentlyCreatedContactTest -->
        <test-method is-config="true" signature="tearDown(org.testng.ITestResult)[pri:0, instance:com.salesforce.tests.Contacts.ContactsTest@1187c9e8]" started-at="2022-02-13T23:38:44 CST" name="tearDown" finished-at="2022-02-13T23:38:45 CST" duration-ms="700" status="PASS">
          <params>
            <param index="0">
              <value>
                <![CDATA[[TestResult name=checkRecentlyCreatedContactTest status=SUCCESS method=ContactsTest.checkRecentlyCreatedContactTest()[pri:0, instance:com.salesforce.tests.Contacts.ContactsTest@1187c9e8] output={null}]]]>
              </value>
            </param>
          </params>
          <reporter-output>
          </reporter-output>
        </test-method> <!-- tearDown -->
        <test-method is-config="true" signature="initialSetUp(java.lang.String,java.lang.reflect.Method)[pri:0, instance:com.salesforce.tests.Contacts.ContactsTest@1187c9e8]" started-at="2022-02-13T23:38:45 CST" name="initialSetUp" finished-at="2022-02-13T23:38:49 CST" duration-ms="3811" status="PASS">
          <params>
            <param index="0">
              <value>
                <![CDATA[edge]]>
              </value>
            </param>
            <param index="1">
              <value>
                <![CDATA[public void com.salesforce.tests.Contacts.ContactsTest.createNewContactTest() throws java.lang.InterruptedException]]>
              </value>
            </param>
          </params>
          <reporter-output>
          </reporter-output>
        </test-method> <!-- initialSetUp -->
        <test-method signature="createNewContactTest()[pri:0, instance:com.salesforce.tests.Contacts.ContactsTest@1187c9e8]" started-at="2022-02-13T23:38:49 CST" name="createNewContactTest" finished-at="2022-02-13T23:39:07 CST" duration-ms="18709" status="PASS">
          <reporter-output>
          </reporter-output>
        </test-method> <!-- createNewContactTest -->
        <test-method is-config="true" signature="tearDown(org.testng.ITestResult)[pri:0, instance:com.salesforce.tests.Contacts.ContactsTest@1187c9e8]" started-at="2022-02-13T23:39:07 CST" name="tearDown" finished-at="2022-02-13T23:39:08 CST" duration-ms="699" status="PASS">
          <params>
            <param index="0">
              <value>
                <![CDATA[[TestResult name=createNewContactTest status=SUCCESS method=ContactsTest.createNewContactTest()[pri:0, instance:com.salesforce.tests.Contacts.ContactsTest@1187c9e8] output={null}]]]>
              </value>
            </param>
          </params>
          <reporter-output>
          </reporter-output>
        </test-method> <!-- tearDown -->
        <test-method is-config="true" signature="initialSetUp(java.lang.String,java.lang.reflect.Method)[pri:0, instance:com.salesforce.tests.Contacts.ContactsTest@1187c9e8]" started-at="2022-02-13T23:39:08 CST" name="initialSetUp" finished-at="2022-02-13T23:39:12 CST" duration-ms="3863" status="PASS">
          <params>
            <param index="0">
              <value>
                <![CDATA[edge]]>
              </value>
            </param>
            <param index="1">
              <value>
                <![CDATA[public void com.salesforce.tests.Contacts.ContactsTest.createNewViewContactTest() throws java.lang.InterruptedException]]>
              </value>
            </param>
          </params>
          <reporter-output>
          </reporter-output>
        </test-method> <!-- initialSetUp -->
        <test-method signature="createNewViewContactTest()[pri:0, instance:com.salesforce.tests.Contacts.ContactsTest@1187c9e8]" started-at="2022-02-13T23:39:12 CST" name="createNewViewContactTest" finished-at="2022-02-13T23:39:38 CST" duration-ms="25776" status="PASS">
          <reporter-output>
          </reporter-output>
        </test-method> <!-- createNewViewContactTest -->
        <test-method is-config="true" signature="tearDown(org.testng.ITestResult)[pri:0, instance:com.salesforce.tests.Contacts.ContactsTest@1187c9e8]" started-at="2022-02-13T23:39:38 CST" name="tearDown" finished-at="2022-02-13T23:39:38 CST" duration-ms="749" status="PASS">
          <params>
            <param index="0">
              <value>
                <![CDATA[[TestResult name=createNewViewContactTest status=SUCCESS method=ContactsTest.createNewViewContactTest()[pri:0, instance:com.salesforce.tests.Contacts.ContactsTest@1187c9e8] output={null}]]]>
              </value>
            </param>
          </params>
          <reporter-output>
          </reporter-output>
        </test-method> <!-- tearDown -->
        <test-method is-config="true" signature="initialSetUp(java.lang.String,java.lang.reflect.Method)[pri:0, instance:com.salesforce.tests.Contacts.ContactsTest@1187c9e8]" started-at="2022-02-13T23:39:38 CST" name="initialSetUp" finished-at="2022-02-13T23:39:42 CST" duration-ms="3989" status="PASS">
          <params>
            <param index="0">
              <value>
                <![CDATA[edge]]>
              </value>
            </param>
            <param index="1">
              <value>
                <![CDATA[public void com.salesforce.tests.Contacts.ContactsTest.newViewContactErrorMsgTest() throws java.lang.InterruptedException]]>
              </value>
            </param>
          </params>
          <reporter-output>
          </reporter-output>
        </test-method> <!-- initialSetUp -->
        <test-method signature="newViewContactErrorMsgTest()[pri:0, instance:com.salesforce.tests.Contacts.ContactsTest@1187c9e8]" started-at="2022-02-13T23:39:42 CST" name="newViewContactErrorMsgTest" finished-at="2022-02-13T23:40:00 CST" duration-ms="17267" status="PASS">
          <reporter-output>
          </reporter-output>
        </test-method> <!-- newViewContactErrorMsgTest -->
        <test-method is-config="true" signature="tearDown(org.testng.ITestResult)[pri:0, instance:com.salesforce.tests.Contacts.ContactsTest@1187c9e8]" started-at="2022-02-13T23:40:00 CST" name="tearDown" finished-at="2022-02-13T23:40:00 CST" duration-ms="711" status="PASS">
          <params>
            <param index="0">
              <value>
                <![CDATA[[TestResult name=newViewContactErrorMsgTest status=SUCCESS method=ContactsTest.newViewContactErrorMsgTest()[pri:0, instance:com.salesforce.tests.Contacts.ContactsTest@1187c9e8] output={null}]]]>
              </value>
            </param>
          </params>
          <reporter-output>
          </reporter-output>
        </test-method> <!-- tearDown -->
        <test-method is-config="true" signature="initialSetUp(java.lang.String,java.lang.reflect.Method)[pri:0, instance:com.salesforce.tests.Contacts.ContactsTest@1187c9e8]" started-at="2022-02-13T23:40:00 CST" name="initialSetUp" finished-at="2022-02-13T23:40:04 CST" duration-ms="3331" status="PASS">
          <params>
            <param index="0">
              <value>
                <![CDATA[edge]]>
              </value>
            </param>
            <param index="1">
              <value>
                <![CDATA[public void com.salesforce.tests.Contacts.ContactsTest.saveAndNewBtnInNewContactPageTest() throws java.lang.InterruptedException]]>
              </value>
            </param>
          </params>
          <reporter-output>
          </reporter-output>
        </test-method> <!-- initialSetUp -->
        <test-method signature="saveAndNewBtnInNewContactPageTest()[pri:0, instance:com.salesforce.tests.Contacts.ContactsTest@1187c9e8]" started-at="2022-02-13T23:40:04 CST" name="saveAndNewBtnInNewContactPageTest" finished-at="2022-02-13T23:40:26 CST" duration-ms="22681" status="PASS">
          <reporter-output>
          </reporter-output>
        </test-method> <!-- saveAndNewBtnInNewContactPageTest -->
        <test-method is-config="true" signature="tearDown(org.testng.ITestResult)[pri:0, instance:com.salesforce.tests.Contacts.ContactsTest@1187c9e8]" started-at="2022-02-13T23:40:26 CST" name="tearDown" finished-at="2022-02-13T23:40:27 CST" duration-ms="739" status="PASS">
          <params>
            <param index="0">
              <value>
                <![CDATA[[TestResult name=saveAndNewBtnInNewContactPageTest status=SUCCESS method=ContactsTest.saveAndNewBtnInNewContactPageTest()[pri:0, instance:com.salesforce.tests.Contacts.ContactsTest@1187c9e8] output={null}]]]>
              </value>
            </param>
          </params>
          <reporter-output>
          </reporter-output>
        </test-method> <!-- tearDown -->
        <test-method is-config="true" signature="initialSetUp(java.lang.String,java.lang.reflect.Method)[pri:0, instance:com.salesforce.tests.Contacts.ContactsTest@1187c9e8]" started-at="2022-02-13T23:40:27 CST" name="initialSetUp" finished-at="2022-02-13T23:40:31 CST" duration-ms="3978" status="PASS">
          <params>
            <param index="0">
              <value>
                <![CDATA[edge]]>
              </value>
            </param>
            <param index="1">
              <value>
                <![CDATA[public void com.salesforce.tests.Contacts.ContactsTest.viewAContactTest() throws java.lang.InterruptedException]]>
              </value>
            </param>
          </params>
          <reporter-output>
          </reporter-output>
        </test-method> <!-- initialSetUp -->
        <test-method signature="viewAContactTest()[pri:0, instance:com.salesforce.tests.Contacts.ContactsTest@1187c9e8]" started-at="2022-02-13T23:40:31 CST" name="viewAContactTest" finished-at="2022-02-13T23:40:56 CST" duration-ms="24820" status="PASS">
          <reporter-output>
          </reporter-output>
        </test-method> <!-- viewAContactTest -->
        <test-method is-config="true" signature="tearDown(org.testng.ITestResult)[pri:0, instance:com.salesforce.tests.Contacts.ContactsTest@1187c9e8]" started-at="2022-02-13T23:40:56 CST" name="tearDown" finished-at="2022-02-13T23:40:57 CST" duration-ms="720" status="PASS">
          <params>
            <param index="0">
              <value>
                <![CDATA[[TestResult name=viewAContactTest status=SUCCESS method=ContactsTest.viewAContactTest()[pri:0, instance:com.salesforce.tests.Contacts.ContactsTest@1187c9e8] output={null}]]]>
              </value>
            </param>
          </params>
          <reporter-output>
          </reporter-output>
        </test-method> <!-- tearDown -->
        <test-method is-config="true" signature="endUp()[pri:0, instance:com.salesforce.tests.Contacts.ContactsTest@1187c9e8]" started-at="2022-02-13T23:44:03 CST" name="endUp" finished-at="2022-02-13T23:44:03 CST" duration-ms="224" status="PASS">
          <reporter-output>
          </reporter-output>
        </test-method> <!-- endUp -->
      </class> <!-- com.salesforce.tests.Contacts.ContactsTest -->
      <class name="com.salesforce.tests.RandomScenarios.RandomScenariosTest">
        <test-method is-config="true" signature="initialSetUp(java.lang.String,java.lang.reflect.Method)[pri:0, instance:com.salesforce.tests.RandomScenarios.RandomScenariosTest@127a7a2e]" started-at="2022-02-13T23:40:57 CST" name="initialSetUp" finished-at="2022-02-13T23:41:01 CST" duration-ms="4388" status="PASS">
          <params>
            <param index="0">
              <value>
                <![CDATA[edge]]>
              </value>
            </param>
            <param index="1">
              <value>
                <![CDATA[public void com.salesforce.tests.RandomScenarios.RandomScenariosTest.BlockingEventInCalendarTest() throws java.lang.InterruptedException]]>
              </value>
            </param>
          </params>
          <reporter-output>
          </reporter-output>
        </test-method> <!-- initialSetUp -->
        <test-method signature="BlockingEventInCalendarTest()[pri:0, instance:com.salesforce.tests.RandomScenarios.RandomScenariosTest@127a7a2e]" started-at="2022-02-13T23:41:01 CST" name="BlockingEventInCalendarTest" finished-at="2022-02-13T23:41:27 CST" duration-ms="25948" status="PASS">
          <reporter-output>
          </reporter-output>
        </test-method> <!-- BlockingEventInCalendarTest -->
        <test-method is-config="true" signature="tearDown(org.testng.ITestResult)[pri:0, instance:com.salesforce.tests.RandomScenarios.RandomScenariosTest@127a7a2e]" started-at="2022-02-13T23:41:27 CST" name="tearDown" finished-at="2022-02-13T23:41:28 CST" duration-ms="711" status="PASS">
          <params>
            <param index="0">
              <value>
                <![CDATA[[TestResult name=BlockingEventInCalendarTest status=SUCCESS method=RandomScenariosTest.BlockingEventInCalendarTest()[pri:0, instance:com.salesforce.tests.RandomScenarios.RandomScenariosTest@127a7a2e] output={null}]]]>
              </value>
            </param>
          </params>
          <reporter-output>
          </reporter-output>
        </test-method> <!-- tearDown -->
        <test-method is-config="true" signature="initialSetUp(java.lang.String,java.lang.reflect.Method)[pri:0, instance:com.salesforce.tests.RandomScenarios.RandomScenariosTest@127a7a2e]" started-at="2022-02-13T23:41:28 CST" name="initialSetUp" finished-at="2022-02-13T23:41:32 CST" duration-ms="4052" status="PASS">
          <params>
            <param index="0">
              <value>
                <![CDATA[edge]]>
              </value>
            </param>
            <param index="1">
              <value>
                <![CDATA[public void com.salesforce.tests.RandomScenarios.RandomScenariosTest.BlockingEventRecurringTest() throws java.lang.InterruptedException]]>
              </value>
            </param>
          </params>
          <reporter-output>
          </reporter-output>
        </test-method> <!-- initialSetUp -->
        <test-method signature="BlockingEventRecurringTest()[pri:0, instance:com.salesforce.tests.RandomScenarios.RandomScenariosTest@127a7a2e]" started-at="2022-02-13T23:41:32 CST" name="BlockingEventRecurringTest" finished-at="2022-02-13T23:42:27 CST" duration-ms="55264" status="FAIL">
          <exception class="org.openqa.selenium.NoSuchElementException">
            <message>
              <![CDATA[no such element: Unable to locate element: {"method":"css selector","selector":"#bodyCell > div.bCalendar > div.bPageBlock.brandSecondaryBrd.secondaryPalette > div.pbBody > table > tbody > tr:nth-child(3) > td.calToday > div:nth-child(2) > a"}
  (Session info: MicrosoftEdge=98.0.1108.50)
For documentation on this error, please visit: http://seleniumhq.org/exceptions/no_such_element.html
Build info: version: '3.141.5', revision: 'd54ebd709a', time: '2018-11-06T11:42:16'
System info: host: 'DOCTOR-BUTTONS', ip: '192.168.11.34', os.name: 'Windows 10', os.arch: 'amd64', os.version: '10.0', java.version: '14.0.2'
Driver info: org.openqa.selenium.edge.EdgeDriver
Capabilities {acceptInsecureCerts: false, browserName: msedge, browserVersion: 98.0.1108.50, javascriptEnabled: true, ms:edgeOptions: {debuggerAddress: localhost:52353}, msedge: {msedgedriverVersion: 98.0.1108.50 (4203d3deac4b8..., userDataDir: C:\Users\synco\AppData\Loca...}, networkConnectionEnabled: false, pageLoadStrategy: normal, platform: WINDOWS, platformName: WINDOWS, proxy: Proxy(), setWindowRect: true, strictFileInteractability: false, timeouts: {implicit: 0, pageLoad: 300000, script: 30000}, unhandledPromptBehavior: dismiss and notify, webauthn:extension:credBlob: true, webauthn:extension:largeBlob: true, webauthn:virtualAuthenticators: true}
Session ID: a199206e8a092a8ccb29f477072e7f6f
*** Element info: {Using=css selector, value=#bodyCell > div.bCalendar > div.bPageBlock.brandSecondaryBrd.secondaryPalette > div.pbBody > table > tbody > tr:nth-child(3) > td.calToday > div:nth-child(2) > a}]]>
            </message>
            <full-stacktrace>
              <![CDATA[org.openqa.selenium.NoSuchElementException: no such element: Unable to locate element: {"method":"css selector","selector":"#bodyCell > div.bCalendar > div.bPageBlock.brandSecondaryBrd.secondaryPalette > div.pbBody > table > tbody > tr:nth-child(3) > td.calToday > div:nth-child(2) > a"}
  (Session info: MicrosoftEdge=98.0.1108.50)
For documentation on this error, please visit: http://seleniumhq.org/exceptions/no_such_element.html
Build info: version: '3.141.5', revision: 'd54ebd709a', time: '2018-11-06T11:42:16'
System info: host: 'DOCTOR-BUTTONS', ip: '192.168.11.34', os.name: 'Windows 10', os.arch: 'amd64', os.version: '10.0', java.version: '14.0.2'
Driver info: org.openqa.selenium.edge.EdgeDriver
Capabilities {acceptInsecureCerts: false, browserName: msedge, browserVersion: 98.0.1108.50, javascriptEnabled: true, ms:edgeOptions: {debuggerAddress: localhost:52353}, msedge: {msedgedriverVersion: 98.0.1108.50 (4203d3deac4b8..., userDataDir: C:\Users\synco\AppData\Loca...}, networkConnectionEnabled: false, pageLoadStrategy: normal, platform: WINDOWS, platformName: WINDOWS, proxy: Proxy(), setWindowRect: true, strictFileInteractability: false, timeouts: {implicit: 0, pageLoad: 300000, script: 30000}, unhandledPromptBehavior: dismiss and notify, webauthn:extension:credBlob: true, webauthn:extension:largeBlob: true, webauthn:virtualAuthenticators: true}
Session ID: a199206e8a092a8ccb29f477072e7f6f
*** Element info: {Using=css selector, value=#bodyCell > div.bCalendar > div.bPageBlock.brandSecondaryBrd.secondaryPalette > div.pbBody > table > tbody > tr:nth-child(3) > td.calToday > div:nth-child(2) > a}
at java.base/jdk.internal.reflect.NativeConstructorAccessorImpl.newInstance0(Native Method)
at java.base/jdk.internal.reflect.NativeConstructorAccessorImpl.newInstance(NativeConstructorAccessorImpl.java:62)
at java.base/jdk.internal.reflect.DelegatingConstructorAccessorImpl.newInstance(DelegatingConstructorAccessorImpl.java:45)
at java.base/java.lang.reflect.Constructor.newInstanceWithCaller(Constructor.java:500)
at java.base/java.lang.reflect.Constructor.newInstance(Constructor.java:481)
at org.openqa.selenium.remote.http.W3CHttpResponseCodec.createException(W3CHttpResponseCodec.java:187)
at org.openqa.selenium.remote.http.W3CHttpResponseCodec.decode(W3CHttpResponseCodec.java:122)
at org.openqa.selenium.remote.http.W3CHttpResponseCodec.decode(W3CHttpResponseCodec.java:49)
at org.openqa.selenium.remote.HttpCommandExecutor.execute(HttpCommandExecutor.java:158)
at org.openqa.selenium.remote.service.DriverCommandExecutor.execute(DriverCommandExecutor.java:83)
at org.openqa.selenium.remote.RemoteWebDriver.execute(RemoteWebDriver.java:552)
at org.openqa.selenium.remote.RemoteWebDriver.findElement(RemoteWebDriver.java:323)
at org.openqa.selenium.remote.RemoteWebDriver.findElementByCssSelector(RemoteWebDriver.java:420)
at org.openqa.selenium.By$ByCssSelector.findElement(By.java:431)
at org.openqa.selenium.remote.RemoteWebDriver.findElement(RemoteWebDriver.java:315)
at com.salesforce.tests.RandomScenarios.RandomScenariosTest.BlockingEventRecurringTest(RandomScenariosTest.java:155)
at java.base/jdk.internal.reflect.NativeMethodAccessorImpl.invoke0(Native Method)
at java.base/jdk.internal.reflect.NativeMethodAccessorImpl.invoke(NativeMethodAccessorImpl.java:62)
at java.base/jdk.internal.reflect.DelegatingMethodAccessorImpl.invoke(DelegatingMethodAccessorImpl.java:43)
at java.base/java.lang.reflect.Method.invoke(Method.java:564)
at org.testng.internal.MethodInvocationHelper.invokeMethod(MethodInvocationHelper.java:133)
at org.testng.internal.TestInvoker.invokeMethod(TestInvoker.java:598)
at org.testng.internal.TestInvoker.invokeTestMethod(TestInvoker.java:173)
at org.testng.internal.MethodRunner.runInSequence(MethodRunner.java:46)
at org.testng.internal.TestInvoker$MethodInvocationAgent.invoke(TestInvoker.java:824)
at org.testng.internal.TestInvoker.invokeTestMethods(TestInvoker.java:146)
at org.testng.internal.TestMethodWorker.invokeTestMethods(TestMethodWorker.java:146)
at org.testng.internal.TestMethodWorker.run(TestMethodWorker.java:128)
at java.base/java.util.ArrayList.forEach(ArrayList.java:1511)
at org.testng.TestRunner.privateRun(TestRunner.java:794)
at org.testng.TestRunner.run(TestRunner.java:596)
at org.testng.SuiteRunner.runTest(SuiteRunner.java:377)
at org.testng.SuiteRunner.runSequentially(SuiteRunner.java:371)
at org.testng.SuiteRunner.privateRun(SuiteRunner.java:332)
at org.testng.SuiteRunner.run(SuiteRunner.java:276)
at org.testng.SuiteRunnerWorker.runSuite(SuiteRunnerWorker.java:53)
at org.testng.SuiteRunnerWorker.run(SuiteRunnerWorker.java:96)
at org.testng.TestNG.runSuitesSequentially(TestNG.java:1212)
at org.testng.TestNG.runSuitesLocally(TestNG.java:1134)
at org.testng.TestNG.runSuites(TestNG.java:1063)
at org.testng.TestNG.run(TestNG.java:1031)
at org.testng.remote.AbstractRemoteTestNG.run(AbstractRemoteTestNG.java:115)
at org.testng.remote.RemoteTestNG.initAndRun(RemoteTestNG.java:251)
at org.testng.remote.RemoteTestNG.main(RemoteTestNG.java:77)
]]>
            </full-stacktrace>
          </exception> <!-- org.openqa.selenium.NoSuchElementException -->
          <reporter-output>
          </reporter-output>
        </test-method> <!-- BlockingEventRecurringTest -->
        <test-method is-config="true" signature="tearDown(org.testng.ITestResult)[pri:0, instance:com.salesforce.tests.RandomScenarios.RandomScenariosTest@127a7a2e]" started-at="2022-02-13T23:42:27 CST" name="tearDown" finished-at="2022-02-13T23:42:28 CST" duration-ms="974" status="PASS">
          <params>
            <param index="0">
              <value>
                <![CDATA[[TestResult name=BlockingEventRecurringTest status=FAILURE method=RandomScenariosTest.BlockingEventRecurringTest()[pri:0, instance:com.salesforce.tests.RandomScenarios.RandomScenariosTest@127a7a2e] output={null}]]]>
              </value>
            </param>
          </params>
          <reporter-output>
          </reporter-output>
        </test-method> <!-- tearDown -->
        <test-method is-config="true" signature="initialSetUp(java.lang.String,java.lang.reflect.Method)[pri:0, instance:com.salesforce.tests.RandomScenarios.RandomScenariosTest@127a7a2e]" started-at="2022-02-13T23:42:28 CST" name="initialSetUp" finished-at="2022-02-13T23:42:31 CST" duration-ms="3220" status="PASS">
          <params>
            <param index="0">
              <value>
                <![CDATA[edge]]>
              </value>
            </param>
            <param index="1">
              <value>
                <![CDATA[public void com.salesforce.tests.RandomScenarios.RandomScenariosTest.verifyEditedLastnameTest() throws java.lang.InterruptedException]]>
              </value>
            </param>
          </params>
          <reporter-output>
          </reporter-output>
        </test-method> <!-- initialSetUp -->
        <test-method signature="verifyEditedLastnameTest()[pri:0, instance:com.salesforce.tests.RandomScenarios.RandomScenariosTest@127a7a2e]" started-at="2022-02-13T23:42:31 CST" name="verifyEditedLastnameTest" finished-at="2022-02-13T23:43:19 CST" duration-ms="47637" status="FAIL">
          <exception class="org.openqa.selenium.NoSuchElementException">
            <message>
              <![CDATA[no such element: Unable to locate element: {"method":"xpath","selector":"/html/body/div/div/div/div[1]/ul/li[1]"}
  (Session info: MicrosoftEdge=98.0.1108.50)
For documentation on this error, please visit: http://seleniumhq.org/exceptions/no_such_element.html
Build info: version: '3.141.5', revision: 'd54ebd709a', time: '2018-11-06T11:42:16'
System info: host: 'DOCTOR-BUTTONS', ip: '192.168.11.34', os.name: 'Windows 10', os.arch: 'amd64', os.version: '10.0', java.version: '14.0.2'
Driver info: org.openqa.selenium.edge.EdgeDriver
Capabilities {acceptInsecureCerts: false, browserName: msedge, browserVersion: 98.0.1108.50, javascriptEnabled: true, ms:edgeOptions: {debuggerAddress: localhost:52549}, msedge: {msedgedriverVersion: 98.0.1108.50 (4203d3deac4b8..., userDataDir: C:\Users\synco\AppData\Loca...}, networkConnectionEnabled: false, pageLoadStrategy: normal, platform: WINDOWS, platformName: WINDOWS, proxy: Proxy(), setWindowRect: true, strictFileInteractability: false, timeouts: {implicit: 0, pageLoad: 300000, script: 30000}, unhandledPromptBehavior: dismiss and notify, webauthn:extension:credBlob: true, webauthn:extension:largeBlob: true, webauthn:virtualAuthenticators: true}
Session ID: 81f65d525c60122b0eec5b093ac44052
*** Element info: {Using=xpath, value=/html/body/div/div/div/div[1]/ul/li[1]}]]>
            </message>
            <full-stacktrace>
              <![CDATA[org.openqa.selenium.NoSuchElementException: no such element: Unable to locate element: {"method":"xpath","selector":"/html/body/div/div/div/div[1]/ul/li[1]"}
  (Session info: MicrosoftEdge=98.0.1108.50)
For documentation on this error, please visit: http://seleniumhq.org/exceptions/no_such_element.html
Build info: version: '3.141.5', revision: 'd54ebd709a', time: '2018-11-06T11:42:16'
System info: host: 'DOCTOR-BUTTONS', ip: '192.168.11.34', os.name: 'Windows 10', os.arch: 'amd64', os.version: '10.0', java.version: '14.0.2'
Driver info: org.openqa.selenium.edge.EdgeDriver
Capabilities {acceptInsecureCerts: false, browserName: msedge, browserVersion: 98.0.1108.50, javascriptEnabled: true, ms:edgeOptions: {debuggerAddress: localhost:52549}, msedge: {msedgedriverVersion: 98.0.1108.50 (4203d3deac4b8..., userDataDir: C:\Users\synco\AppData\Loca...}, networkConnectionEnabled: false, pageLoadStrategy: normal, platform: WINDOWS, platformName: WINDOWS, proxy: Proxy(), setWindowRect: true, strictFileInteractability: false, timeouts: {implicit: 0, pageLoad: 300000, script: 30000}, unhandledPromptBehavior: dismiss and notify, webauthn:extension:credBlob: true, webauthn:extension:largeBlob: true, webauthn:virtualAuthenticators: true}
Session ID: 81f65d525c60122b0eec5b093ac44052
*** Element info: {Using=xpath, value=/html/body/div/div/div/div[1]/ul/li[1]}
at java.base/jdk.internal.reflect.NativeConstructorAccessorImpl.newInstance0(Native Method)
at java.base/jdk.internal.reflect.NativeConstructorAccessorImpl.newInstance(NativeConstructorAccessorImpl.java:62)
at java.base/jdk.internal.reflect.DelegatingConstructorAccessorImpl.newInstance(DelegatingConstructorAccessorImpl.java:45)
at java.base/java.lang.reflect.Constructor.newInstanceWithCaller(Constructor.java:500)
at java.base/java.lang.reflect.Constructor.newInstance(Constructor.java:481)
at org.openqa.selenium.remote.http.W3CHttpResponseCodec.createException(W3CHttpResponseCodec.java:187)
at org.openqa.selenium.remote.http.W3CHttpResponseCodec.decode(W3CHttpResponseCodec.java:122)
at org.openqa.selenium.remote.http.W3CHttpResponseCodec.decode(W3CHttpResponseCodec.java:49)
at org.openqa.selenium.remote.HttpCommandExecutor.execute(HttpCommandExecutor.java:158)
at org.openqa.selenium.remote.service.DriverCommandExecutor.execute(DriverCommandExecutor.java:83)
at org.openqa.selenium.remote.RemoteWebDriver.execute(RemoteWebDriver.java:552)
at org.openqa.selenium.remote.RemoteWebDriver.findElement(RemoteWebDriver.java:323)
at org.openqa.selenium.remote.RemoteWebDriver.findElementByXPath(RemoteWebDriver.java:428)
at org.openqa.selenium.By$ByXPath.findElement(By.java:353)
at org.openqa.selenium.remote.RemoteWebDriver.findElement(RemoteWebDriver.java:315)
at org.openqa.selenium.support.pagefactory.DefaultElementLocator.findElement(DefaultElementLocator.java:69)
at org.openqa.selenium.support.pagefactory.internal.LocatingElementHandler.invoke(LocatingElementHandler.java:38)
at com.sun.proxy.$Proxy15.isDisplayed(Unknown Source)
at com.salesforce.base.BasePage.clickElement(BasePage.java:68)
at com.salesforce.pages.randomscenariospages.RandomScenariosPage.clickAbout(RandomScenariosPage.java:118)
at com.salesforce.tests.RandomScenarios.RandomScenariosTest.verifyEditedLastnameTest(RandomScenariosTest.java:57)
at java.base/jdk.internal.reflect.NativeMethodAccessorImpl.invoke0(Native Method)
at java.base/jdk.internal.reflect.NativeMethodAccessorImpl.invoke(NativeMethodAccessorImpl.java:62)
at java.base/jdk.internal.reflect.DelegatingMethodAccessorImpl.invoke(DelegatingMethodAccessorImpl.java:43)
at java.base/java.lang.reflect.Method.invoke(Method.java:564)
at org.testng.internal.MethodInvocationHelper.invokeMethod(MethodInvocationHelper.java:133)
at org.testng.internal.TestInvoker.invokeMethod(TestInvoker.java:598)
at org.testng.internal.TestInvoker.invokeTestMethod(TestInvoker.java:173)
at org.testng.internal.MethodRunner.runInSequence(MethodRunner.java:46)
at org.testng.internal.TestInvoker$MethodInvocationAgent.invoke(TestInvoker.java:824)
at org.testng.internal.TestInvoker.invokeTestMethods(TestInvoker.java:146)
at org.testng.internal.TestMethodWorker.invokeTestMethods(TestMethodWorker.java:146)
at org.testng.internal.TestMethodWorker.run(TestMethodWorker.java:128)
at java.base/java.util.ArrayList.forEach(ArrayList.java:1511)
at org.testng.TestRunner.privateRun(TestRunner.java:794)
at org.testng.TestRunner.run(TestRunner.java:596)
at org.testng.SuiteRunner.runTest(SuiteRunner.java:377)
at org.testng.SuiteRunner.runSequentially(SuiteRunner.java:371)
at org.testng.SuiteRunner.privateRun(SuiteRunner.java:332)
at org.testng.SuiteRunner.run(SuiteRunner.java:276)
at org.testng.SuiteRunnerWorker.runSuite(SuiteRunnerWorker.java:53)
at org.testng.SuiteRunnerWorker.run(SuiteRunnerWorker.java:96)
at org.testng.TestNG.runSuitesSequentially(TestNG.java:1212)
at org.testng.TestNG.runSuitesLocally(TestNG.java:1134)
at org.testng.TestNG.runSuites(TestNG.java:1063)
at org.testng.TestNG.run(TestNG.java:1031)
at org.testng.remote.AbstractRemoteTestNG.run(AbstractRemoteTestNG.java:115)
at org.testng.remote.RemoteTestNG.initAndRun(RemoteTestNG.java:251)
at org.testng.remote.RemoteTestNG.main(RemoteTestNG.java:77)
]]>
            </full-stacktrace>
          </exception> <!-- org.openqa.selenium.NoSuchElementException -->
          <reporter-output>
          </reporter-output>
        </test-method> <!-- verifyEditedLastnameTest -->
        <test-method is-config="true" signature="tearDown(org.testng.ITestResult)[pri:0, instance:com.salesforce.tests.RandomScenarios.RandomScenariosTest@127a7a2e]" started-at="2022-02-13T23:43:19 CST" name="tearDown" finished-at="2022-02-13T23:43:20 CST" duration-ms="1027" status="PASS">
          <params>
            <param index="0">
              <value>
                <![CDATA[[TestResult name=verifyEditedLastnameTest status=FAILURE method=RandomScenariosTest.verifyEditedLastnameTest()[pri:0, instance:com.salesforce.tests.RandomScenarios.RandomScenariosTest@127a7a2e] output={null}]]]>
              </value>
            </param>
          </params>
          <reporter-output>
          </reporter-output>
        </test-method> <!-- tearDown -->
        <test-method is-config="true" signature="initialSetUp(java.lang.String,java.lang.reflect.Method)[pri:0, instance:com.salesforce.tests.RandomScenarios.RandomScenariosTest@127a7a2e]" started-at="2022-02-13T23:43:20 CST" name="initialSetUp" finished-at="2022-02-13T23:43:24 CST" duration-ms="3823" status="PASS">
          <params>
            <param index="0">
              <value>
                <![CDATA[edge]]>
              </value>
            </param>
            <param index="1">
              <value>
                <![CDATA[public void com.salesforce.tests.RandomScenarios.RandomScenariosTest.verifyFirstAndLastNameTest() throws java.lang.InterruptedException]]>
              </value>
            </param>
          </params>
          <reporter-output>
          </reporter-output>
        </test-method> <!-- initialSetUp -->
        <test-method signature="verifyFirstAndLastNameTest()[pri:0, instance:com.salesforce.tests.RandomScenarios.RandomScenariosTest@127a7a2e]" started-at="2022-02-13T23:43:24 CST" name="verifyFirstAndLastNameTest" finished-at="2022-02-13T23:43:44 CST" duration-ms="20543" status="PASS">
          <reporter-output>
          </reporter-output>
        </test-method> <!-- verifyFirstAndLastNameTest -->
        <test-method is-config="true" signature="tearDown(org.testng.ITestResult)[pri:0, instance:com.salesforce.tests.RandomScenarios.RandomScenariosTest@127a7a2e]" started-at="2022-02-13T23:43:44 CST" name="tearDown" finished-at="2022-02-13T23:43:45 CST" duration-ms="746" status="PASS">
          <params>
            <param index="0">
              <value>
                <![CDATA[[TestResult name=verifyFirstAndLastNameTest status=SUCCESS method=RandomScenariosTest.verifyFirstAndLastNameTest()[pri:0, instance:com.salesforce.tests.RandomScenarios.RandomScenariosTest@127a7a2e] output={null}]]]>
              </value>
            </param>
          </params>
          <reporter-output>
          </reporter-output>
        </test-method> <!-- tearDown -->
        <test-method is-config="true" signature="initialSetUp(java.lang.String,java.lang.reflect.Method)[pri:0, instance:com.salesforce.tests.RandomScenarios.RandomScenariosTest@127a7a2e]" started-at="2022-02-13T23:43:45 CST" name="initialSetUp" finished-at="2022-02-13T23:43:49 CST" duration-ms="3869" status="PASS">
          <params>
            <param index="0">
              <value>
                <![CDATA[edge]]>
              </value>
            </param>
            <param index="1">
              <value>
                <![CDATA[public void com.salesforce.tests.RandomScenarios.RandomScenariosTest.verifyTabCustomTest() throws java.lang.InterruptedException]]>
              </value>
            </param>
          </params>
          <reporter-output>
          </reporter-output>
        </test-method> <!-- initialSetUp -->
        <test-method signature="verifyTabCustomTest()[pri:0, instance:com.salesforce.tests.RandomScenarios.RandomScenariosTest@127a7a2e]" started-at="2022-02-13T23:43:49 CST" name="verifyTabCustomTest" finished-at="2022-02-13T23:44:02 CST" duration-ms="13403" status="FAIL">
          <exception class="java.lang.AssertionError">
            <message>
              <![CDATA[expected [Accounts] but found [Libraries]]]>
            </message>
            <full-stacktrace>
              <![CDATA[java.lang.AssertionError: expected [Accounts] but found [Libraries]
at org.testng.Assert.fail(Assert.java:99)
at org.testng.Assert.failNotEquals(Assert.java:1037)
at org.testng.Assert.assertEqualsImpl(Assert.java:140)
at org.testng.Assert.assertEquals(Assert.java:122)
at org.testng.Assert.assertEquals(Assert.java:629)
at org.testng.Assert.assertEquals(Assert.java:639)
at com.salesforce.tests.RandomScenarios.RandomScenariosTest.verifyTabCustomTest(RandomScenariosTest.java:78)
at java.base/jdk.internal.reflect.NativeMethodAccessorImpl.invoke0(Native Method)
at java.base/jdk.internal.reflect.NativeMethodAccessorImpl.invoke(NativeMethodAccessorImpl.java:62)
at java.base/jdk.internal.reflect.DelegatingMethodAccessorImpl.invoke(DelegatingMethodAccessorImpl.java:43)
at java.base/java.lang.reflect.Method.invoke(Method.java:564)
at org.testng.internal.MethodInvocationHelper.invokeMethod(MethodInvocationHelper.java:133)
at org.testng.internal.TestInvoker.invokeMethod(TestInvoker.java:598)
at org.testng.internal.TestInvoker.invokeTestMethod(TestInvoker.java:173)
at org.testng.internal.MethodRunner.runInSequence(MethodRunner.java:46)
at org.testng.internal.TestInvoker$MethodInvocationAgent.invoke(TestInvoker.java:824)
at org.testng.internal.TestInvoker.invokeTestMethods(TestInvoker.java:146)
at org.testng.internal.TestMethodWorker.invokeTestMethods(TestMethodWorker.java:146)
at org.testng.internal.TestMethodWorker.run(TestMethodWorker.java:128)
at java.base/java.util.ArrayList.forEach(ArrayList.java:1511)
at org.testng.TestRunner.privateRun(TestRunner.java:794)
at org.testng.TestRunner.run(TestRunner.java:596)
at org.testng.SuiteRunner.runTest(SuiteRunner.java:377)
at org.testng.SuiteRunner.runSequentially(SuiteRunner.java:371)
at org.testng.SuiteRunner.privateRun(SuiteRunner.java:332)
at org.testng.SuiteRunner.run(SuiteRunner.java:276)
at org.testng.SuiteRunnerWorker.runSuite(SuiteRunnerWorker.java:53)
at org.testng.SuiteRunnerWorker.run(SuiteRunnerWorker.java:96)
at org.testng.TestNG.runSuitesSequentially(TestNG.java:1212)
at org.testng.TestNG.runSuitesLocally(TestNG.java:1134)
at org.testng.TestNG.runSuites(TestNG.java:1063)
at org.testng.TestNG.run(TestNG.java:1031)
at org.testng.remote.AbstractRemoteTestNG.run(AbstractRemoteTestNG.java:115)
at org.testng.remote.RemoteTestNG.initAndRun(RemoteTestNG.java:251)
at org.testng.remote.RemoteTestNG.main(RemoteTestNG.java:77)
]]>
            </full-stacktrace>
          </exception> <!-- java.lang.AssertionError -->
          <reporter-output>
          </reporter-output>
        </test-method> <!-- verifyTabCustomTest -->
        <test-method is-config="true" signature="tearDown(org.testng.ITestResult)[pri:0, instance:com.salesforce.tests.RandomScenarios.RandomScenariosTest@127a7a2e]" started-at="2022-02-13T23:44:02 CST" name="tearDown" finished-at="2022-02-13T23:44:03 CST" duration-ms="917" status="PASS">
          <params>
            <param index="0">
              <value>
                <![CDATA[[TestResult name=verifyTabCustomTest status=FAILURE method=RandomScenariosTest.verifyTabCustomTest()[pri:0, instance:com.salesforce.tests.RandomScenarios.RandomScenariosTest@127a7a2e] output={null}]]]>
              </value>
            </param>
          </params>
          <reporter-output>
          </reporter-output>
        </test-method> <!-- tearDown -->
      </class> <!-- com.salesforce.tests.RandomScenarios.RandomScenariosTest -->
    </test> <!-- Edge -->
  </suite> <!-- Suite -->
</testng-results>
